#
# There is insufficient memory for the Java Runtime Environment to continue.
# Native memory allocation (mmap) failed to map 132120576 bytes for G1 virtual space
# Possible reasons:
#   The system is out of physical RAM or swap space
#   The process is running with CompressedOops enabled, and the Java Heap may be blocking the growth of the native heap
# Possible solutions:
#   Reduce memory load on the system
#   Increase physical memory or swap space
#   Check if swap backing store is full
#   Decrease Java heap size (-Xmx/-Xms)
#   Decrease number of Java threads
#   Decrease Java thread stack sizes (-Xss)
#   Set larger code cache with -XX:ReservedCodeCacheSize=
#   JVM is running with Unscaled Compressed Oops mode in which the Java heap is
#     placed in the first 4GB address space. The Java Heap base address is the
#     maximum limit for the native heap growth. Please use -XX:HeapBaseMinAddress
#     to set the Java Heap base and to place the Java Heap above 4GB virtual address.
# This output file may be truncated or incomplete.
#
#  Out of Memory Error (os_windows.cpp:3530), pid=11712, tid=5464
#
# JRE version:  (18.0.2+9) (build )
# Java VM: Java HotSpot(TM) 64-Bit Server VM (18.0.2+9-61, mixed mode, sharing, tiered, compressed oops, compressed class ptrs, g1 gc, windows-amd64)
# No core dump will be written. Minidumps are not enabled by default on client versions of Windows
#

---------------  S U M M A R Y ------------

Command Line: 

Host: Intel(R) Core(TM) i5-7200U CPU @ 2.50GHz, 4 cores, 7G,  Windows 10 , 64 bit Build 19041 (10.0.19041.2913)
Time: Fri Jul 21 13:12:13 2023 Pakistan Standard Time elapsed time: 0.018065 seconds (0d 0h 0m 0s)

---------------  T H R E A D  ---------------

Current thread (0x000001e8bc1c0410):  JavaThread "Unknown thread" [_thread_in_vm, id=5464, stack(0x00000025c1800000,0x00000025c1900000)]

Stack: [0x00000025c1800000,0x00000025c1900000]
Native frames: (J=compiled Java code, j=interpreted, Vv=VM code, C=native code)
V  [jvm.dll+0x6993ca]
V  [jvm.dll+0x7f481d]
V  [jvm.dll+0x7f612e]
V  [jvm.dll+0x7f67e3]
V  [jvm.dll+0x25cdaf]
V  [jvm.dll+0x696319]
V  [jvm.dll+0x68ae4a]
V  [jvm.dll+0x3223eb]
V  [jvm.dll+0x329dc6]
V  [jvm.dll+0x37eade]
V  [jvm.dll+0x37ed0f]
V  [jvm.dll+0x2fa16a]
V  [jvm.dll+0x2fb1cd]
V  [jvm.dll+0x7c3450]
V  [jvm.dll+0x38be61]
V  [jvm.dll+0x7a2073]
V  [jvm.dll+0x40dc3f]
V  [jvm.dll+0x40f611]
C  [jli.dll+0x526b]
C  [ucrtbase.dll+0x21bb2]
C  [KERNEL32.DLL+0x17614]
C  [ntdll.dll+0x526a1]


---------------  P R O C E S S  ---------------

Threads class SMR info:
_java_thread_list=0x00007ffc4416e550, length=0, elements={
}

Java Threads: ( => current thread )

Other Threads:
  0x000001e8bc21fe40 WorkerThread "GC Thread#0" [stack: 0x00000025c1900000,0x00000025c1a00000] [id=9508]
  0x000001e8bc230880 ConcurrentGCThread "G1 Main Marker" [stack: 0x00000025c1a00000,0x00000025c1b00000] [id=1948]
  0x000001e8bc231920 WorkerThread "G1 Conc#0" [stack: 0x00000025c1b00000,0x00000025c1c00000] [id=12536]

[error occurred during error reporting (printing all threads), id 0xc0000005, EXCEPTION_ACCESS_VIOLATION (0xc0000005) at pc=0x00007ffc4399a707]

VM state: not at safepoint (not fully initialized)

VM Mutex/Monitor currently owned by a thread:  ([mutex/lock_event])
[0x000001e8bc1bc140] Heap_lock - owner thread: 0x000001e8bc1c0410

Heap address: 0x0000000082000000, size: 2016 MB, Compressed Oops mode: 32-bit

CDS archive(s) mapped at: [0x0000000000000000-0x0000000000000000-0x0000000000000000), size 0, SharedBaseAddress: 0x0000000800000000, ArchiveRelocationMode: 0.
Narrow klass base: 0x0000000000000000, Narrow klass shift: 0, Narrow klass range: 0x0

GC Precious Log:
 CardTable entry size: 512
 Card Set container configuration: InlinePtr #cards 5 size 8 Array Of Cards #cards 12 size 40 Howl #buckets 4 coarsen threshold 1843 Howl Bitmap #cards 512 size 80 coarsen threshold 460 Card regions per heap region 1 cards per card region 2048

Heap:
 garbage-first heap   total 0K, used 0K [0x0000000082000000, 0x0000000100000000)
  region size 1024K, 0 young (0K), 0 survivors (0K)

[error occurred during error reporting (printing heap information), id 0xc0000005, EXCEPTION_ACCESS_VIOLATION (0xc0000005) at pc=0x00007ffc43d81859]

GC Heap History (0 events):
No events

Deoptimization events (0 events):
No events

Classes loaded (0 events):
No events

Classes unloaded (0 events):
No events

Classes redefined (0 events):
No events

Internal exceptions (0 events):
No events

VM Operations (0 events):
No events

Events (1 events):
Event: 0.009 Loaded shared library C:\Program Files\Java\jdk-18.0.2\bin\java.dll


Dynamic libraries:
0x00007ff69c220000 - 0x00007ff69c230000 	C:\Program Files\Java\jdk-18.0.2\bin\java.exe
0x00007ffc84690000 - 0x00007ffc84888000 	C:\Windows\SYSTEM32\ntdll.dll
0x00007ffc82fc0000 - 0x00007ffc8307f000 	C:\Windows\System32\KERNEL32.DLL
0x00007ffc82210000 - 0x00007ffc82506000 	C:\Windows\System32\KERNELBASE.dll
0x00007ffc81d70000 - 0x00007ffc81e70000 	C:\Windows\System32\ucrtbase.dll
0x00007ffc68aa0000 - 0x00007ffc68aba000 	C:\Program Files\Java\jdk-18.0.2\bin\VCRUNTIME140.dll
0x00007ffc70430000 - 0x00007ffc70448000 	C:\Program Files\Java\jdk-18.0.2\bin\jli.dll
0x00007ffc82f10000 - 0x00007ffc82fbf000 	C:\Windows\System32\ADVAPI32.dll
0x00007ffc84350000 - 0x00007ffc843ee000 	C:\Windows\System32\msvcrt.dll
0x00007ffc84490000 - 0x00007ffc8452c000 	C:\Windows\System32\sechost.dll
0x00007ffc83380000 - 0x00007ffc834a6000 	C:\Windows\System32\RPCRT4.dll
0x00007ffc82d70000 - 0x00007ffc82f0d000 	C:\Windows\System32\USER32.dll
0x00007ffc826c0000 - 0x00007ffc826e2000 	C:\Windows\System32\win32u.dll
0x00007ffc834b0000 - 0x00007ffc834dc000 	C:\Windows\System32\GDI32.dll
0x00007ffc825a0000 - 0x00007ffc826b5000 	C:\Windows\System32\gdi32full.dll
0x00007ffc820c0000 - 0x00007ffc8215d000 	C:\Windows\System32\msvcp_win.dll
0x00007ffc6fe40000 - 0x00007ffc700da000 	C:\Windows\WinSxS\amd64_microsoft.windows.common-controls_6595b64144ccf1df_6.0.19041.1110_none_60b5254171f9507e\COMCTL32.dll
0x00007ffc7b470000 - 0x00007ffc7b47a000 	C:\Windows\SYSTEM32\VERSION.dll
0x00007ffc83f50000 - 0x00007ffc83f80000 	C:\Windows\System32\IMM32.DLL
0x00007ffc7d370000 - 0x00007ffc7d37c000 	C:\Program Files\Java\jdk-18.0.2\bin\vcruntime140_1.dll
0x00007ffc532d0000 - 0x00007ffc5335d000 	C:\Program Files\Java\jdk-18.0.2\bin\msvcp140.dll
0x00007ffc43690000 - 0x00007ffc442a1000 	C:\Program Files\Java\jdk-18.0.2\bin\server\jvm.dll
0x00007ffc83ee0000 - 0x00007ffc83ee8000 	C:\Windows\System32\PSAPI.DLL
0x00007ffc6c680000 - 0x00007ffc6c689000 	C:\Windows\SYSTEM32\WSOCK32.dll
0x00007ffc83e70000 - 0x00007ffc83edb000 	C:\Windows\System32\WS2_32.dll
0x00007ffc6c8c0000 - 0x00007ffc6c8e7000 	C:\Windows\SYSTEM32\WINMM.dll
0x00007ffc805c0000 - 0x00007ffc805d2000 	C:\Windows\SYSTEM32\kernel.appcore.dll
0x00007ffc70410000 - 0x00007ffc7041a000 	C:\Program Files\Java\jdk-18.0.2\bin\jimage.dll
0x00007ffc7fb20000 - 0x00007ffc7fd04000 	C:\Windows\SYSTEM32\DBGHELP.DLL
0x00007ffc68230000 - 0x00007ffc68264000 	C:\Windows\SYSTEM32\dbgcore.DLL
0x00007ffc82510000 - 0x00007ffc82592000 	C:\Windows\System32\bcryptPrimitives.dll
0x00007ffc68a70000 - 0x00007ffc68a95000 	C:\Program Files\Java\jdk-18.0.2\bin\java.dll

dbghelp: loaded successfully - version: 4.0.5 - missing functions: none
symbol engine: initialized successfully - sym options: 0x614 - pdb path: .;C:\Program Files\Java\jdk-18.0.2\bin;C:\Windows\SYSTEM32;C:\Windows\WinSxS\amd64_microsoft.windows.common-controls_6595b64144ccf1df_6.0.19041.1110_none_60b5254171f9507e;C:\Program Files\Java\jdk-18.0.2\bin\server

VM Arguments:
java_command: <unknown>
java_class_path (initial): <not set>
Launcher Type: SUN_STANDARD

[Global flags]
     intx CICompilerCount                          = 3                                         {product} {ergonomic}
     uint ConcGCThreads                            = 1                                         {product} {ergonomic}
     uint G1ConcRefinementThreads                  = 4                                         {product} {ergonomic}
   size_t G1HeapRegionSize                         = 1048576                                   {product} {ergonomic}
    uintx GCDrainStackTargetSize                   = 64                                        {product} {ergonomic}
   size_t InitialHeapSize                          = 132120576                                 {product} {ergonomic}
   size_t MarkStackSize                            = 4194304                                   {product} {ergonomic}
   size_t MaxHeapSize                              = 2113929216                                {product} {ergonomic}
   size_t MinHeapDeltaBytes                        = 1048576                                   {product} {ergonomic}
   size_t MinHeapSize                              = 8388608                                   {product} {ergonomic}
    uintx NonNMethodCodeHeapSize                   = 5832780                                {pd product} {ergonomic}
    uintx NonProfiledCodeHeapSize                  = 122912730                              {pd product} {ergonomic}
    uintx ProfiledCodeHeapSize                     = 122912730                              {pd product} {ergonomic}
    uintx ReservedCodeCacheSize                    = 251658240                              {pd product} {ergonomic}
     bool SegmentedCodeCache                       = true                                      {product} {ergonomic}
   size_t SoftMaxHeapSize                          = 2113929216                             {manageable} {ergonomic}
     bool UseCompressedClassPointers               = true                           {product lp64_product} {ergonomic}
     bool UseCompressedOops                        = true                           {product lp64_product} {ergonomic}
     bool UseG1GC                                  = true                                      {product} {ergonomic}
     bool UseLargePagesIndividualAllocation        = false                                  {pd product} {ergonomic}

Logging:
Log output configuration:
 #0: stdout all=warning uptime,level,tags foldmultilines=false
 #1: stderr all=off uptime,level,tags foldmultilines=false

Environment Variables:
JAVA_HOME=C:\Program Files\Java\jdk-18.0.2
PATH=C:\Program Files\Java\jdk-18.0.2\bin;C:\Program Files\Common Files\Oracle\Java\javapath;C:\Windows\system32;C:\Windows;C:\Windows\System32\Wbem;C:\Windows\System32\WindowsPowerShell\v1.0\;C:\Windows\System32\OpenSSH\;C:\Program Files\nodejs\;C:\Program Files\Git\cmd;C:\Program Files\Microsoft SQL Server\150\Tools\Binn\;C:\Program Files\Microsoft SQL Server\Client SDK\ODBC\170\Tools\Binn\;C:\Program Files\dotnet\;C:\Program Files\Azure Data Studio\bin;C:\Program Files (x86)\Microsoft SQL Server\160\Tools\Binn\;C:\Program Files\Microsoft SQL Server\160\Tools\Binn\;C:\Program Files\Microsoft SQL Server\160\DTS\Binn\;C:\Program Files (x86)\Microsoft SQL Server\160\DTS\Binn\;C:\ProgramData\chocolatey\bin;C:\Users\XYZ\AppData\Local\Android\Sdk\platform-tools;C:\Users\XYZ\AppData\Local\Android\Sdk;C:\Users\XYZ\AppData\Local\Microsoft\WindowsApps;C:\Users\XYZ\AppData\Roaming\npm;C:\Users\XYZ\AppData\Local\Programs\Microsoft VS Code\bin;C:\Users\XYZ\AppData\Local\Android\Sdk;C:\Program Files\Java\jdk-18.0.2\bin;C:\Program Files (x86)\BrowserStackLocal\;C:\Users\XYZ\.dotnet\tools;C:\Program Files\Azure Data Studio\bin;C:\Users\XYZ\AppData\Local\Android\Sdk\platform-tools;C:\Program Files\Java\jdk-18.0.2;C:\Users\XYZ\AppData\Local\Android\Sdk\emulator;C:\Users\XYZ\AppData\Local\Android\Sdk\tools;C:\Users\XYZ\AppData\Local\Android\Sdk\tools\bin;
USERNAME=XYZ
LANG=en_US.UTF-8
OS=Windows_NT
PROCESSOR_IDENTIFIER=Intel64 Family 6 Model 142 Stepping 9, GenuineIntel



---------------  S Y S T E M  ---------------

OS:
 Windows 10 , 64 bit Build 19041 (10.0.19041.2913)
OS uptime: 0 days 3:30 hours

CPU: total 4 (initial active 4) (2 cores per cpu, 2 threads per core) family 6 model 142 stepping 9 microcode 0xb4, cx8, cmov, fxsr, ht, mmx, 3dnowpref, sse, sse2, sse3, ssse3, sse4.1, sse4.2, popcnt, lzcnt, tsc, tscinvbit, avx, avx2, aes, erms, clmul, bmi1, bmi2, adx, fma, vzeroupper, clflush, clflushopt

Memory: 4k page, system-wide physical 8058M (1070M free)
TotalPageFile size 10975M (AvailPageFile size 119M)
current process WorkingSet (physical memory assigned to process): 10M, peak: 10M
current process commit charge ("private bytes"): 52M, peak: 177M

vm_info: Java HotSpot(TM) 64-Bit Server VM (18.0.2+9-61) for windows-amd64 JRE (18.0.2+9-61), built on Jun  7 2022 13:09:01 by "mach5one" with MS VC++ 16.8 / 16.9 (VS2019)

END.
