#
# There is insufficient memory for the Java Runtime Environment to continue.
# Native memory allocation (mmap) failed to map 220200960 bytes for G1 virtual space
# Possible reasons:
#   The system is out of physical RAM or swap space
#   The process is running with CompressedOops enabled, and the Java Heap may be blocking the growth of the native heap
# Possible solutions:
#   Reduce memory load on the system
#   Increase physical memory or swap space
#   Check if swap backing store is full
#   Decrease Java heap size (-Xmx/-Xms)
#   Decrease number of Java threads
#   Decrease Java thread stack sizes (-Xss)
#   Set larger code cache with -XX:ReservedCodeCacheSize=
#   JVM is running with Unscaled Compressed Oops mode in which the Java heap is
#     placed in the first 4GB address space. The Java Heap base address is the
#     maximum limit for the native heap growth. Please use -XX:HeapBaseMinAddress
#     to set the Java Heap base and to place the Java Heap above 4GB virtual address.
# This output file may be truncated or incomplete.
#
#  Out of Memory Error (os_windows.cpp:3530), pid=15012, tid=3396
#
# JRE version: Java(TM) SE Runtime Environment (18.0.2+9) (build 18.0.2+9-61)
# Java VM: Java HotSpot(TM) 64-Bit Server VM (18.0.2+9-61, mixed mode, sharing, tiered, compressed oops, compressed class ptrs, g1 gc, windows-amd64)
# No core dump will be written. Minidumps are not enabled by default on client versions of Windows
#

---------------  S U M M A R Y ------------

Command Line: -XX:MaxMetaspaceSize=512m --add-opens=java.base/java.util=ALL-UNNAMED --add-opens=java.base/java.lang=ALL-UNNAMED --add-opens=java.base/java.lang.invoke=ALL-UNNAMED --add-opens=java.base/java.util=ALL-UNNAMED --add-opens=java.prefs/java.util.prefs=ALL-UNNAMED --add-opens=java.prefs/java.util.prefs=ALL-UNNAMED --add-opens=java.base/java.nio.charset=ALL-UNNAMED --add-opens=java.base/java.net=ALL-UNNAMED --add-opens=java.base/java.util.concurrent.atomic=ALL-UNNAMED -Xmx2048m -Dfile.encoding=UTF-8 -Duser.country=US -Duser.language=en -Duser.variant org.gradle.launcher.daemon.bootstrap.GradleDaemon 7.3.3

Host: Intel(R) Core(TM) i5-7200U CPU @ 2.50GHz, 4 cores, 7G,  Windows 10 , 64 bit Build 19041 (10.0.19041.2913)
Time: Fri Jul 21 12:24:40 2023 Pakistan Standard Time elapsed time: 56.562746 seconds (0d 0h 0m 56s)

---------------  T H R E A D  ---------------

Current thread (0x000002535f1acc50):  VMThread "VM Thread" [stack: 0x000000969b100000,0x000000969b200000] [id=3396]

Stack: [0x000000969b100000,0x000000969b200000]
Native frames: (J=compiled Java code, j=interpreted, Vv=VM code, C=native code)
V  [jvm.dll+0x6993ca]
V  [jvm.dll+0x7f481d]
V  [jvm.dll+0x7f612e]
V  [jvm.dll+0x7f67e3]
V  [jvm.dll+0x25cdaf]
V  [jvm.dll+0x696319]
V  [jvm.dll+0x68ae4a]
V  [jvm.dll+0x3223eb]
V  [jvm.dll+0x329dc6]
V  [jvm.dll+0x37eade]
V  [jvm.dll+0x37ed0f]
V  [jvm.dll+0x2fa16a]
V  [jvm.dll+0x2fa217]
V  [jvm.dll+0x33e752]
V  [jvm.dll+0x33ccf4]
V  [jvm.dll+0x2f9940]
V  [jvm.dll+0x33c2cb]
V  [jvm.dll+0x7fb5cb]
V  [jvm.dll+0x7fc364]
V  [jvm.dll+0x7fc89c]
V  [jvm.dll+0x7fccf4]
V  [jvm.dll+0x7fcdb7]
V  [jvm.dll+0x7a125a]
V  [jvm.dll+0x698275]
C  [ucrtbase.dll+0x21bb2]
C  [KERNEL32.DLL+0x17614]
C  [ntdll.dll+0x526a1]

VM_Operation (0x000000969c7f9310): G1CollectForAllocation, mode: safepoint, requested by thread 0x0000025363fdf440


---------------  P R O C E S S  ---------------

Threads class SMR info:
_java_thread_list=0x000002536935f960, length=86, elements={
0x000002534181a670, 0x000002535f1b7c80, 0x000002535f1b8620, 0x000002535f1ce390,
0x000002535f1d0d40, 0x000002535f1d16e0, 0x000002535f1d2080, 0x000002535f1d2d50,
0x000002535f1d5ee0, 0x000002535f24ab60, 0x00000253634ace70, 0x00000253634b5970,
0x00000253647f08a0, 0x0000025364bcfd10, 0x0000025363746d50, 0x0000025364bcde00,
0x0000025363407160, 0x00000253634079f0, 0x0000025363fdf440, 0x0000025363fbb2f0,
0x0000025363fbb7c0, 0x0000025363fbcfd0, 0x0000025363fbe310, 0x0000025363fbd4a0,
0x0000025363fbd970, 0x0000025363fbae20, 0x0000025363fbde40, 0x0000025363fbc160,
0x0000025363fba950, 0x0000025363fbc630, 0x0000025363fbcb00, 0x00000253658ed0c0,
0x00000253658e7a20, 0x00000253658e7ef0, 0x00000253658e6210, 0x00000253658e83c0,
0x00000253658e9230, 0x00000253658ec250, 0x00000253658e9bd0, 0x00000253658e5d40,
0x00000253658e8890, 0x00000253658e5870, 0x00000253658ecbf0, 0x00000253658eaf10,
0x00000253658ea0a0, 0x00000253658ec720, 0x00000253658eb8b0, 0x00000253658e6bb0,
0x00000253658e8d60, 0x00000253658ea570, 0x00000253658e7550, 0x0000025366ab7a70,
0x0000025366ab4a50, 0x0000025366ab8410, 0x0000025366ab3240, 0x0000025366ab7f40,
0x0000025366ab40b0, 0x0000025366ab53f0, 0x0000025366ab6730, 0x0000025366ab88e0,
0x0000025366ab4f20, 0x0000025366ab70d0, 0x0000025366ab8db0, 0x0000025366ab9280,
0x0000025366ab2d70, 0x0000025366ab28a0, 0x0000025366ab9750, 0x0000025366ab9c20,
0x0000025366aba0f0, 0x0000025366ab3710, 0x0000025366ab3be0, 0x0000025366ab58c0,
0x0000025366ab5d90, 0x0000025366ab4580, 0x0000025366ab6260, 0x00000253670a6180,
0x00000253670a3630, 0x00000253670a3b00, 0x00000253670a3fd0, 0x00000253670aa4e0,
0x00000253670aa010, 0x00000253670a8cd0, 0x00000253670a44a0, 0x00000253670a74c0,
0x00000253670a4e40, 0x000002536a70b410
}

Java Threads: ( => current thread )
  0x000002534181a670 JavaThread "main" [_thread_blocked, id=9352, stack(0x000000969ab00000,0x000000969ac00000)]
  0x000002535f1b7c80 JavaThread "Reference Handler" daemon [_thread_blocked, id=5240, stack(0x000000969b200000,0x000000969b300000)]
  0x000002535f1b8620 JavaThread "Finalizer" daemon [_thread_blocked, id=7860, stack(0x000000969b300000,0x000000969b400000)]
  0x000002535f1ce390 JavaThread "Signal Dispatcher" daemon [_thread_blocked, id=7052, stack(0x000000969b400000,0x000000969b500000)]
  0x000002535f1d0d40 JavaThread "Attach Listener" daemon [_thread_blocked, id=6712, stack(0x000000969b500000,0x000000969b600000)]
  0x000002535f1d16e0 JavaThread "Service Thread" daemon [_thread_blocked, id=15640, stack(0x000000969b600000,0x000000969b700000)]
  0x000002535f1d2080 JavaThread "Monitor Deflation Thread" daemon [_thread_blocked, id=17340, stack(0x000000969b700000,0x000000969b800000)]
  0x000002535f1d2d50 JavaThread "C2 CompilerThread0" daemon [_thread_blocked, id=17156, stack(0x000000969b800000,0x000000969b900000)]
  0x000002535f1d5ee0 JavaThread "C1 CompilerThread0" daemon [_thread_blocked, id=16148, stack(0x000000969b900000,0x000000969ba00000)]
  0x000002535f24ab60 JavaThread "Sweeper thread" daemon [_thread_blocked, id=11692, stack(0x000000969ba00000,0x000000969bb00000)]
  0x00000253634ace70 JavaThread "Common-Cleaner" daemon [_thread_blocked, id=14272, stack(0x000000969bb00000,0x000000969bc00000)]
  0x00000253634b5970 JavaThread "Notification Thread" daemon [_thread_blocked, id=10920, stack(0x000000969bc00000,0x000000969bd00000)]
  0x00000253647f08a0 JavaThread "Daemon health stats" [_thread_blocked, id=11492, stack(0x000000969c100000,0x000000969c200000)]
  0x0000025364bcfd10 JavaThread "Incoming local TCP Connector on port 51307" [_thread_in_native, id=1760, stack(0x000000969c200000,0x000000969c300000)]
  0x0000025363746d50 JavaThread "Daemon periodic checks" [_thread_blocked, id=5232, stack(0x000000969c300000,0x000000969c400000)]
  0x0000025364bcde00 JavaThread "Daemon" [_thread_blocked, id=1652, stack(0x000000969c400000,0x000000969c500000)]
  0x0000025363407160 JavaThread "Handler for socket connection from /127.0.0.1:51307 to /127.0.0.1:51308" [_thread_in_native, id=17404, stack(0x000000969c500000,0x000000969c600000)]
  0x00000253634079f0 JavaThread "Cancel handler" [_thread_blocked, id=17040, stack(0x000000969c600000,0x000000969c700000)]
  0x0000025363fdf440 JavaThread "Daemon worker" [_thread_blocked, id=3080, stack(0x000000969c700000,0x000000969c800000)]
  0x0000025363fbb2f0 JavaThread "Asynchronous log dispatcher for DefaultDaemonConnection: socket connection from /127.0.0.1:51307 to /127.0.0.1:51308" [_thread_blocked, id=9188, stack(0x000000969c800000,0x000000969c900000)]
  0x0000025363fbb7c0 JavaThread "Stdin handler" [_thread_blocked, id=13204, stack(0x000000969c900000,0x000000969ca00000)]
  0x0000025363fbcfd0 JavaThread "Daemon client event forwarder" [_thread_blocked, id=1076, stack(0x000000969ca00000,0x000000969cb00000)]
  0x0000025363fbe310 JavaThread "Cache worker for journal cache (C:\Users\XYZ\.gradle\caches\journal-1)" [_thread_blocked, id=14568, stack(0x000000969cb00000,0x000000969cc00000)]
  0x0000025363fbd4a0 JavaThread "File lock request listener" [_thread_in_native, id=12736, stack(0x000000969cc00000,0x000000969cd00000)]
  0x0000025363fbd970 JavaThread "Cache worker for file hash cache (C:\Users\XYZ\.gradle\caches\7.3.3\fileHashes)" [_thread_blocked, id=11984, stack(0x000000969cd00000,0x000000969ce00000)]
  0x0000025363fbae20 JavaThread "Cache worker for file hash cache (Z:\Document\ReactNativeApp\nativeApp\android\.gradle\7.3.3\fileHashes)" [_thread_blocked, id=17152, stack(0x000000969cf00000,0x000000969d000000)]
  0x0000025363fbde40 JavaThread "File watcher server" daemon [_thread_in_native, id=17024, stack(0x000000969ce00000,0x000000969cf00000)]
  0x0000025363fbc160 JavaThread "File watcher consumer" daemon [_thread_blocked, id=17368, stack(0x000000969d000000,0x000000969d100000)]
  0x0000025363fba950 JavaThread "Cache worker for checksums cache (Z:\Document\ReactNativeApp\nativeApp\android\.gradle\7.3.3\checksums)" [_thread_blocked, id=2244, stack(0x000000969d100000,0x000000969d200000)]
  0x0000025363fbc630 JavaThread "Cache worker for cache directory md-supplier (C:\Users\XYZ\.gradle\caches\7.3.3\md-supplier)" [_thread_blocked, id=14452, stack(0x000000969d200000,0x000000969d300000)]
  0x0000025363fbcb00 JavaThread "Cache worker for cache directory md-rule (C:\Users\XYZ\.gradle\caches\7.3.3\md-rule)" [_thread_blocked, id=268, stack(0x000000969d400000,0x000000969d500000)]
  0x00000253658ed0c0 JavaThread "Cache worker for execution history cache (C:\Users\XYZ\.gradle\caches\7.3.3\executionHistory)" [_thread_blocked, id=16652, stack(0x000000969d500000,0x000000969d600000)]
  0x00000253658e7a20 JavaThread "jar transforms" [_thread_blocked, id=7580, stack(0x000000969d600000,0x000000969d700000)]
  0x00000253658e7ef0 JavaThread "jar transforms Thread 2" [_thread_blocked, id=3940, stack(0x000000969d700000,0x000000969d800000)]
  0x00000253658e6210 JavaThread "Cache worker for file content cache (C:\Users\XYZ\.gradle\caches\7.3.3\fileContent)" [_thread_blocked, id=12168, stack(0x000000969d300000,0x000000969d400000)]
  0x00000253658e83c0 JavaThread "jar transforms Thread 3" [_thread_blocked, id=3492, stack(0x000000969d800000,0x000000969d900000)]
  0x00000253658e9230 JavaThread "jar transforms Thread 4" [_thread_blocked, id=15088, stack(0x000000969da00000,0x000000969db00000)]
  0x00000253658ec250 JavaThread "Cache worker for kotlin-dsl (C:\Users\XYZ\.gradle\caches\7.3.3\kotlin-dsl)" [_thread_blocked, id=11272, stack(0x000000969db00000,0x000000969dc00000)]
  0x00000253658e9bd0 JavaThread "Cache worker for dependencies-accessors (Z:\Document\ReactNativeApp\nativeApp\android\.gradle\7.3.3\dependencies-accessors)" [_thread_blocked, id=1828, stack(0x000000969dc00000,0x000000969dd00000)]
  0x00000253658e5d40 JavaThread "Cache worker for Build Output Cleanup Cache (Z:\Document\ReactNativeApp\nativeApp\node_modules\react-native-gradle-plugin\.gradle\buildOutputCleanup)" [_thread_blocked, id=17124, stack(0x000000969dd00000,0x000000969de00000)]
  0x00000253658e8890 JavaThread "Unconstrained build operations" [_thread_blocked, id=17176, stack(0x000000969de00000,0x000000969df00000)]
  0x00000253658e5870 JavaThread "Unconstrained build operations Thread 2" [_thread_blocked, id=9904, stack(0x000000969df00000,0x000000969e000000)]
  0x00000253658ecbf0 JavaThread "Unconstrained build operations Thread 3" [_thread_blocked, id=3836, stack(0x000000969e000000,0x000000969e100000)]
  0x00000253658eaf10 JavaThread "Unconstrained build operations Thread 4" [_thread_blocked, id=12348, stack(0x000000969e100000,0x000000969e200000)]
  0x00000253658ea0a0 JavaThread "Unconstrained build operations Thread 5" [_thread_blocked, id=16744, stack(0x000000969e200000,0x000000969e300000)]
  0x00000253658ec720 JavaThread "Unconstrained build operations Thread 6" [_thread_blocked, id=4768, stack(0x000000969e300000,0x000000969e400000)]
  0x00000253658eb8b0 JavaThread "Unconstrained build operations Thread 7" [_thread_blocked, id=11184, stack(0x000000969e400000,0x000000969e500000)]
  0x00000253658e6bb0 JavaThread "Unconstrained build operations Thread 8" [_thread_blocked, id=7296, stack(0x000000969e500000,0x000000969e600000)]
  0x00000253658e8d60 JavaThread "Unconstrained build operations Thread 9" [_thread_blocked, id=10972, stack(0x000000969e600000,0x000000969e700000)]
  0x00000253658ea570 JavaThread "Unconstrained build operations Thread 10" [_thread_blocked, id=7968, stack(0x000000969e700000,0x000000969e800000)]
  0x00000253658e7550 JavaThread "Unconstrained build operations Thread 11" [_thread_blocked, id=15392, stack(0x000000969e800000,0x000000969e900000)]
  0x0000025366ab7a70 JavaThread "Unconstrained build operations Thread 12" [_thread_blocked, id=6308, stack(0x000000969e900000,0x000000969ea00000)]
  0x0000025366ab4a50 JavaThread "Unconstrained build operations Thread 13" [_thread_blocked, id=15300, stack(0x000000969ea00000,0x000000969eb00000)]
  0x0000025366ab8410 JavaThread "Unconstrained build operations Thread 14" [_thread_blocked, id=16536, stack(0x000000969eb00000,0x000000969ec00000)]
  0x0000025366ab3240 JavaThread "Unconstrained build operations Thread 15" [_thread_blocked, id=15584, stack(0x000000969ec00000,0x000000969ed00000)]
  0x0000025366ab7f40 JavaThread "Unconstrained build operations Thread 16" [_thread_blocked, id=5684, stack(0x000000969ed00000,0x000000969ee00000)]
  0x0000025366ab40b0 JavaThread "Unconstrained build operations Thread 17" [_thread_blocked, id=16320, stack(0x000000969ee00000,0x000000969ef00000)]
  0x0000025366ab53f0 JavaThread "Unconstrained build operations Thread 18" [_thread_blocked, id=12208, stack(0x000000969ef00000,0x000000969f000000)]
  0x0000025366ab6730 JavaThread "Unconstrained build operations Thread 19" [_thread_blocked, id=16248, stack(0x000000969f000000,0x000000969f100000)]
  0x0000025366ab88e0 JavaThread "Unconstrained build operations Thread 20" [_thread_blocked, id=15416, stack(0x000000969f100000,0x000000969f200000)]
  0x0000025366ab4f20 JavaThread "Unconstrained build operations Thread 21" [_thread_blocked, id=760, stack(0x000000969f200000,0x000000969f300000)]
  0x0000025366ab70d0 JavaThread "Unconstrained build operations Thread 22" [_thread_blocked, id=12104, stack(0x000000969f300000,0x000000969f400000)]
  0x0000025366ab8db0 JavaThread "Unconstrained build operations Thread 23" [_thread_blocked, id=2820, stack(0x000000969f400000,0x000000969f500000)]
  0x0000025366ab9280 JavaThread "Unconstrained build operations Thread 24" [_thread_blocked, id=17348, stack(0x000000969f500000,0x000000969f600000)]
  0x0000025366ab2d70 JavaThread "Unconstrained build operations Thread 25" [_thread_blocked, id=15916, stack(0x000000969f600000,0x000000969f700000)]
  0x0000025366ab28a0 JavaThread "Unconstrained build operations Thread 26" [_thread_blocked, id=12200, stack(0x000000969f700000,0x000000969f800000)]
  0x0000025366ab9750 JavaThread "Unconstrained build operations Thread 27" [_thread_blocked, id=15568, stack(0x000000969f800000,0x000000969f900000)]
  0x0000025366ab9c20 JavaThread "Unconstrained build operations Thread 28" [_thread_blocked, id=2416, stack(0x000000969f900000,0x000000969fa00000)]
  0x0000025366aba0f0 JavaThread "Unconstrained build operations Thread 29" [_thread_blocked, id=3568, stack(0x000000969fa00000,0x000000969fb00000)]
  0x0000025366ab3710 JavaThread "Unconstrained build operations Thread 30" [_thread_blocked, id=13192, stack(0x000000969fb00000,0x000000969fc00000)]
  0x0000025366ab3be0 JavaThread "Unconstrained build operations Thread 31" [_thread_blocked, id=14900, stack(0x000000969fc00000,0x000000969fd00000)]
  0x0000025366ab58c0 JavaThread "Unconstrained build operations Thread 32" [_thread_blocked, id=10996, stack(0x000000969fd00000,0x000000969fe00000)]
  0x0000025366ab5d90 JavaThread "Unconstrained build operations Thread 33" [_thread_blocked, id=14576, stack(0x000000969fe00000,0x000000969ff00000)]
  0x0000025366ab4580 JavaThread "build event listener" [_thread_blocked, id=12412, stack(0x000000969ff00000,0x00000096a0000000)]
  0x0000025366ab6260 JavaThread "Memory manager" [_thread_blocked, id=12240, stack(0x00000096a0000000,0x00000096a0100000)]
  0x00000253670a6180 JavaThread "Cache worker for Build Output Cleanup Cache (Z:\Document\ReactNativeApp\nativeApp\android\.gradle\buildOutputCleanup)" [_thread_blocked, id=8960, stack(0x000000969d900000,0x000000969da00000)]
  0x00000253670a3630 JavaThread "included builds" [_thread_blocked, id=17096, stack(0x00000096a0100000,0x00000096a0200000)]
  0x00000253670a3b00 JavaThread "Cache worker for execution history cache (Z:\Document\ReactNativeApp\nativeApp\node_modules\react-native-gradle-plugin\.gradle\7.3.3\executionHistory)" [_thread_blocked, id=12484, stack(0x00000096a0500000,0x00000096a0600000)]
  0x00000253670a3fd0 JavaThread "Unconstrained build operations Thread 34" [_thread_blocked, id=4508, stack(0x00000096a0600000,0x00000096a0700000)]
  0x00000253670aa4e0 JavaThread "Unconstrained build operations Thread 35" [_thread_blocked, id=11100, stack(0x00000096a0700000,0x00000096a0800000)]
  0x00000253670aa010 JavaThread "Unconstrained build operations Thread 36" [_thread_blocked, id=4792, stack(0x00000096a0800000,0x00000096a0900000)]
  0x00000253670a8cd0 JavaThread "Unconstrained build operations Thread 37" [_thread_blocked, id=12696, stack(0x00000096a0900000,0x00000096a0a00000)]
  0x00000253670a44a0 JavaThread "Unconstrained build operations Thread 38" [_thread_blocked, id=4924, stack(0x00000096a0a00000,0x00000096a0b00000)]
  0x00000253670a74c0 JavaThread "Unconstrained build operations Thread 39" [_thread_blocked, id=3656, stack(0x00000096a0b00000,0x00000096a0c00000)]
  0x00000253670a4e40 JavaThread "Unconstrained build operations Thread 40" [_thread_blocked, id=11084, stack(0x00000096a0c00000,0x00000096a0d00000)]
  0x000002536a70b410 JavaThread "C2 CompilerThread1" daemon [_thread_blocked, id=17036, stack(0x000000969a800000,0x000000969a900000)]

Other Threads:
=>0x000002535f1acc50 VMThread "VM Thread" [stack: 0x000000969b100000,0x000000969b200000] [id=3396]
  0x00000253634b5e30 WatcherThread "VM Periodic Task Thread" [stack: 0x000000969bd00000,0x000000969be00000] [id=12220]
  0x00000253418785c0 WorkerThread "GC Thread#0" [stack: 0x000000969ac00000,0x000000969ad00000] [id=15428]
  0x0000025363ba1fc0 WorkerThread "GC Thread#1" [stack: 0x000000969be00000,0x000000969bf00000] [id=15556]
  0x0000025363ba2260 WorkerThread "GC Thread#2" [stack: 0x000000969bf00000,0x000000969c000000] [id=6408]
  0x0000025363748f50 WorkerThread "GC Thread#3" [stack: 0x000000969c000000,0x000000969c100000] [id=11408]
  0x0000025341889390 ConcurrentGCThread "G1 Main Marker" [stack: 0x000000969ad00000,0x000000969ae00000] [id=4064]
  0x0000025341889c20 WorkerThread "G1 Conc#0" [stack: 0x000000969ae00000,0x000000969af00000] [id=15412]
  0x00000253418c7790 ConcurrentGCThread "G1 Refine#0" [stack: 0x000000969af00000,0x000000969b000000] [id=11004]
  0x00000253418c7f40 ConcurrentGCThread "G1 Service" [stack: 0x000000969b000000,0x000000969b100000] [id=16012]

Threads with active compile tasks:
C2 CompilerThread0    56612 12462       4       org.gradle.api.internal.artifacts.transform.ConsumerProvidedVariantFinder::matchAttributes (68 bytes)
C1 CompilerThread0    56612 12475       3       sun.reflect.annotation.AnnotationInvocationHandler::memberValueHashCode (137 bytes)

VM state: at safepoint (normal execution)

VM Mutex/Monitor currently owned by a thread:  ([mutex/lock_event])
[0x0000025341816600] Threads_lock - owner thread: 0x000002535f1acc50
[0x00000253418168d0] Heap_lock - owner thread: 0x0000025363fdf440

Heap address: 0x0000000080000000, size: 2048 MB, Compressed Oops mode: 32-bit

CDS archive(s) mapped at: [0x0000000800000000-0x0000000800ba0000-0x0000000800ba0000), size 12189696, SharedBaseAddress: 0x0000000800000000, ArchiveRelocationMode: 0.
Compressed class space mapped at: 0x0000000800c00000-0x000000081a800000, reserved size: 432013312
Narrow klass base: 0x0000000800000000, Narrow klass shift: 0, Narrow klass range: 0x100000000

GC Precious Log:
 CardTable entry size: 512
 Card Set container configuration: InlinePtr #cards 5 size 8 Array Of Cards #cards 12 size 40 Howl #buckets 4 coarsen threshold 1843 Howl Bitmap #cards 512 size 80 coarsen threshold 460 Card regions per heap region 1 cards per card region 2048
 CPUs: 4 total, 4 available
 Memory: 8058M
 Large Page Support: Disabled
 NUMA Support: Disabled
 Compressed Oops: Enabled (32-bit)
 Heap Region Size: 1M
 Heap Min Capacity: 8M
 Heap Initial Capacity: 126M
 Heap Max Capacity: 2G
 Pre-touch: Disabled
 Parallel Workers: 4
 Concurrent Workers: 1
 Concurrent Refinement Workers: 4
 Periodic GC: Disabled

Heap:
 garbage-first heap   total 215040K, used 127110K [0x0000000080000000, 0x0000000100000000)
  region size 1024K, 2 young (2048K), 2 survivors (2048K)
 Metaspace       used 92442K, committed 94592K, reserved 552960K
  class space    used 12631K, committed 13696K, reserved 421888K

Heap Regions: E=young(eden), S=young(survivor), O=old, HS=humongous(starts), HC=humongous(continues), CS=collection set, F=free, OA=open archive, CA=closed archive, TAMS=top-at-mark-start (previous, next)
|   0|0x0000000080000000, 0x0000000080100000, 0x0000000080100000|100%| O|  |TAMS 0x0000000080100000, 0x0000000080000000| Untracked 
|   1|0x0000000080100000, 0x0000000080200000, 0x0000000080200000|100%| O|  |TAMS 0x0000000080200000, 0x0000000080100000| Untracked 
|   2|0x0000000080200000, 0x0000000080300000, 0x0000000080300000|100%| O|  |TAMS 0x0000000080300000, 0x0000000080200000| Untracked 
|   3|0x0000000080300000, 0x0000000080400000, 0x0000000080400000|100%|HS|  |TAMS 0x0000000080400000, 0x0000000080300000| Complete 
|   4|0x0000000080400000, 0x0000000080500000, 0x0000000080500000|100%|HC|  |TAMS 0x0000000080500000, 0x0000000080400000| Complete 
|   5|0x0000000080500000, 0x0000000080600000, 0x0000000080600000|100%|HC|  |TAMS 0x0000000080600000, 0x0000000080500000| Complete 
|   6|0x0000000080600000, 0x0000000080700000, 0x0000000080700000|100%| O|  |TAMS 0x0000000080700000, 0x0000000080600000| Untracked 
|   7|0x0000000080700000, 0x0000000080800000, 0x0000000080800000|100%| O|  |TAMS 0x0000000080800000, 0x0000000080700000| Untracked 
|   8|0x0000000080800000, 0x0000000080900000, 0x0000000080900000|100%| O|  |TAMS 0x0000000080900000, 0x0000000080800000| Untracked 
|   9|0x0000000080900000, 0x0000000080a00000, 0x0000000080a00000|100%| O|  |TAMS 0x0000000080a00000, 0x0000000080900000| Untracked 
|  10|0x0000000080a00000, 0x0000000080b00000, 0x0000000080b00000|100%| O|  |TAMS 0x0000000080b00000, 0x0000000080a00000| Untracked 
|  11|0x0000000080b00000, 0x0000000080c00000, 0x0000000080c00000|100%| O|  |TAMS 0x0000000080c00000, 0x0000000080b00000| Untracked 
|  12|0x0000000080c00000, 0x0000000080d00000, 0x0000000080d00000|100%| O|  |TAMS 0x0000000080d00000, 0x0000000080c00000| Untracked 
|  13|0x0000000080d00000, 0x0000000080e00000, 0x0000000080e00000|100%| O|  |TAMS 0x0000000080e00000, 0x0000000080d00000| Untracked 
|  14|0x0000000080e00000, 0x0000000080f00000, 0x0000000080f00000|100%| O|  |TAMS 0x0000000080f00000, 0x0000000080e00000| Untracked 
|  15|0x0000000080f00000, 0x0000000081000000, 0x0000000081000000|100%|HS|  |TAMS 0x0000000081000000, 0x0000000080f00000| Complete 
|  16|0x0000000081000000, 0x0000000081100000, 0x0000000081100000|100%| O|  |TAMS 0x0000000081100000, 0x0000000081000000| Untracked 
|  17|0x0000000081100000, 0x0000000081200000, 0x0000000081200000|100%| O|  |TAMS 0x0000000081200000, 0x0000000081100000| Untracked 
|  18|0x0000000081200000, 0x0000000081300000, 0x0000000081300000|100%| O|  |TAMS 0x0000000081300000, 0x0000000081200000| Untracked 
|  19|0x0000000081300000, 0x0000000081400000, 0x0000000081400000|100%|HS|  |TAMS 0x0000000081400000, 0x0000000081300000| Complete 
|  20|0x0000000081400000, 0x0000000081500000, 0x0000000081500000|100%| O|  |TAMS 0x0000000081500000, 0x0000000081400000| Untracked 
|  21|0x0000000081500000, 0x0000000081600000, 0x0000000081600000|100%| O|  |TAMS 0x0000000081600000, 0x0000000081500000| Untracked 
|  22|0x0000000081600000, 0x0000000081700000, 0x0000000081700000|100%| O|  |TAMS 0x0000000081700000, 0x0000000081600000| Untracked 
|  23|0x0000000081700000, 0x0000000081800000, 0x0000000081800000|100%| O|  |TAMS 0x0000000081800000, 0x0000000081700000| Untracked 
|  24|0x0000000081800000, 0x0000000081900000, 0x0000000081900000|100%| O|  |TAMS 0x0000000081900000, 0x0000000081800000| Untracked 
|  25|0x0000000081900000, 0x0000000081a00000, 0x0000000081a00000|100%| O|  |TAMS 0x0000000081a00000, 0x0000000081900000| Untracked 
|  26|0x0000000081a00000, 0x0000000081b00000, 0x0000000081b00000|100%|HS|  |TAMS 0x0000000081b00000, 0x0000000081a00000| Complete 
|  27|0x0000000081b00000, 0x0000000081c00000, 0x0000000081c00000|100%| O|  |TAMS 0x0000000081c00000, 0x0000000081b00000| Untracked 
|  28|0x0000000081c00000, 0x0000000081c00000, 0x0000000081d00000|  0%| F|  |TAMS 0x0000000081c00000, 0x0000000081c00000| Untracked 
|  29|0x0000000081d00000, 0x0000000081e00000, 0x0000000081e00000|100%| O|  |TAMS 0x0000000081e00000, 0x0000000081d00000| Untracked 
|  30|0x0000000081e00000, 0x0000000081f00000, 0x0000000081f00000|100%| O|  |TAMS 0x0000000081f00000, 0x0000000081e00000| Untracked 
|  31|0x0000000081f00000, 0x0000000082000000, 0x0000000082000000|100%| O|  |TAMS 0x0000000082000000, 0x0000000081f00000| Untracked 
|  32|0x0000000082000000, 0x0000000082100000, 0x0000000082100000|100%| O|  |TAMS 0x0000000082100000, 0x0000000082000000| Untracked 
|  33|0x0000000082100000, 0x0000000082200000, 0x0000000082200000|100%| O|  |TAMS 0x0000000082200000, 0x0000000082100000| Untracked 
|  34|0x0000000082200000, 0x0000000082300000, 0x0000000082300000|100%|HS|  |TAMS 0x0000000082300000, 0x0000000082200000| Complete 
|  35|0x0000000082300000, 0x0000000082400000, 0x0000000082400000|100%|HC|  |TAMS 0x0000000082400000, 0x0000000082300000| Complete 
|  36|0x0000000082400000, 0x0000000082500000, 0x0000000082500000|100%|HC|  |TAMS 0x0000000082500000, 0x0000000082400000| Complete 
|  37|0x0000000082500000, 0x0000000082600000, 0x0000000082600000|100%| O|  |TAMS 0x0000000082600000, 0x0000000082500000| Untracked 
|  38|0x0000000082600000, 0x0000000082700000, 0x0000000082700000|100%| O|  |TAMS 0x0000000082700000, 0x0000000082600000| Untracked 
|  39|0x0000000082700000, 0x0000000082800000, 0x0000000082800000|100%| O|  |TAMS 0x0000000082800000, 0x0000000082700000| Untracked 
|  40|0x0000000082800000, 0x0000000082900000, 0x0000000082900000|100%| O|  |TAMS 0x0000000082900000, 0x0000000082800000| Untracked 
|  41|0x0000000082900000, 0x0000000082a00000, 0x0000000082a00000|100%| O|  |TAMS 0x0000000082a00000, 0x0000000082900000| Untracked 
|  42|0x0000000082a00000, 0x0000000082b00000, 0x0000000082b00000|100%| O|  |TAMS 0x0000000082b00000, 0x0000000082a00000| Untracked 
|  43|0x0000000082b00000, 0x0000000082c00000, 0x0000000082c00000|100%| O|  |TAMS 0x0000000082c00000, 0x0000000082b00000| Untracked 
|  44|0x0000000082c00000, 0x0000000082d00000, 0x0000000082d00000|100%| O|  |TAMS 0x0000000082d00000, 0x0000000082c00000| Untracked 
|  45|0x0000000082d00000, 0x0000000082e00000, 0x0000000082e00000|100%| O|  |TAMS 0x0000000082e00000, 0x0000000082d00000| Untracked 
|  46|0x0000000082e00000, 0x0000000082f00000, 0x0000000082f00000|100%| O|  |TAMS 0x0000000082f00000, 0x0000000082e00000| Untracked 
|  47|0x0000000082f00000, 0x0000000083000000, 0x0000000083000000|100%| O|  |TAMS 0x0000000083000000, 0x0000000082f00000| Untracked 
|  48|0x0000000083000000, 0x0000000083100000, 0x0000000083100000|100%| O|  |TAMS 0x0000000083100000, 0x0000000083000000| Untracked 
|  49|0x0000000083100000, 0x0000000083200000, 0x0000000083200000|100%| O|  |TAMS 0x0000000083200000, 0x0000000083100000| Untracked 
|  50|0x0000000083200000, 0x0000000083300000, 0x0000000083300000|100%| O|  |TAMS 0x0000000083300000, 0x0000000083200000| Untracked 
|  51|0x0000000083300000, 0x0000000083400000, 0x0000000083400000|100%| O|  |TAMS 0x0000000083400000, 0x0000000083300000| Untracked 
|  52|0x0000000083400000, 0x0000000083500000, 0x0000000083500000|100%| O|  |TAMS 0x0000000083500000, 0x0000000083400000| Untracked 
|  53|0x0000000083500000, 0x0000000083600000, 0x0000000083600000|100%| O|  |TAMS 0x0000000083500000, 0x0000000083500000| Untracked 
|  54|0x0000000083600000, 0x0000000083700000, 0x0000000083700000|100%|HS|  |TAMS 0x0000000083700000, 0x0000000083600000| Complete 
|  55|0x0000000083700000, 0x0000000083800000, 0x0000000083800000|100%|HS|  |TAMS 0x0000000083800000, 0x0000000083700000| Complete 
|  56|0x0000000083800000, 0x0000000083900000, 0x0000000083900000|100%|HS|  |TAMS 0x0000000083900000, 0x0000000083800000| Complete 
|  57|0x0000000083900000, 0x0000000083a00000, 0x0000000083a00000|100%| O|  |TAMS 0x0000000083a00000, 0x0000000083900000| Untracked 
|  58|0x0000000083a00000, 0x0000000083b00000, 0x0000000083b00000|100%|HS|  |TAMS 0x0000000083b00000, 0x0000000083a00000| Complete 
|  59|0x0000000083b00000, 0x0000000083c00000, 0x0000000083c00000|100%|HC|  |TAMS 0x0000000083c00000, 0x0000000083b00000| Complete 
|  60|0x0000000083c00000, 0x0000000083d00000, 0x0000000083d00000|100%| O|  |TAMS 0x0000000083d00000, 0x0000000083c00000| Untracked 
|  61|0x0000000083d00000, 0x0000000083e00000, 0x0000000083e00000|100%| O|  |TAMS 0x0000000083e00000, 0x0000000083d00000| Untracked 
|  62|0x0000000083e00000, 0x0000000083f00000, 0x0000000083f00000|100%| O|  |TAMS 0x0000000083f00000, 0x0000000083e00000| Untracked 
|  63|0x0000000083f00000, 0x0000000084000000, 0x0000000084000000|100%| O|  |TAMS 0x0000000084000000, 0x0000000083f00000| Untracked 
|  64|0x0000000084000000, 0x0000000084100000, 0x0000000084100000|100%| O|  |TAMS 0x0000000084100000, 0x0000000084000000| Untracked 
|  65|0x0000000084100000, 0x0000000084200000, 0x0000000084200000|100%| O|  |TAMS 0x0000000084200000, 0x0000000084100000| Untracked 
|  66|0x0000000084200000, 0x0000000084300000, 0x0000000084300000|100%| O|  |TAMS 0x0000000084300000, 0x0000000084200000| Untracked 
|  67|0x0000000084300000, 0x0000000084400000, 0x0000000084400000|100%| O|  |TAMS 0x0000000084400000, 0x0000000084300000| Untracked 
|  68|0x0000000084400000, 0x0000000084500000, 0x0000000084500000|100%| O|  |TAMS 0x0000000084500000, 0x0000000084400000| Untracked 
|  69|0x0000000084500000, 0x0000000084600000, 0x0000000084600000|100%| O|  |TAMS 0x0000000084600000, 0x0000000084500000| Untracked 
|  70|0x0000000084600000, 0x0000000084700000, 0x0000000084700000|100%| O|  |TAMS 0x0000000084700000, 0x0000000084600000| Untracked 
|  71|0x0000000084700000, 0x0000000084800000, 0x0000000084800000|100%| O|  |TAMS 0x0000000084800000, 0x0000000084700000| Untracked 
|  72|0x0000000084800000, 0x0000000084900000, 0x0000000084900000|100%| O|  |TAMS 0x0000000084900000, 0x0000000084800000| Untracked 
|  73|0x0000000084900000, 0x0000000084a00000, 0x0000000084a00000|100%| O|  |TAMS 0x0000000084a00000, 0x0000000084900000| Untracked 
|  74|0x0000000084a00000, 0x0000000084b00000, 0x0000000084b00000|100%| O|  |TAMS 0x0000000084b00000, 0x0000000084a00000| Untracked 
|  75|0x0000000084b00000, 0x0000000084c00000, 0x0000000084c00000|100%| O|  |TAMS 0x0000000084c00000, 0x0000000084b00000| Untracked 
|  76|0x0000000084c00000, 0x0000000084d00000, 0x0000000084d00000|100%| O|  |TAMS 0x0000000084d00000, 0x0000000084c00000| Untracked 
|  77|0x0000000084d00000, 0x0000000084e00000, 0x0000000084e00000|100%| O|  |TAMS 0x0000000084e00000, 0x0000000084d00000| Untracked 
|  78|0x0000000084e00000, 0x0000000084f00000, 0x0000000084f00000|100%| O|  |TAMS 0x0000000084f00000, 0x0000000084e00000| Untracked 
|  79|0x0000000084f00000, 0x0000000085000000, 0x0000000085000000|100%| O|  |TAMS 0x0000000085000000, 0x0000000084f00000| Untracked 
|  80|0x0000000085000000, 0x0000000085100000, 0x0000000085100000|100%| O|  |TAMS 0x0000000085100000, 0x0000000085000000| Untracked 
|  81|0x0000000085100000, 0x0000000085200000, 0x0000000085200000|100%|HS|  |TAMS 0x0000000085200000, 0x0000000085100000| Complete 
|  82|0x0000000085200000, 0x0000000085300000, 0x0000000085300000|100%|HS|  |TAMS 0x0000000085300000, 0x0000000085200000| Complete 
|  83|0x0000000085300000, 0x0000000085400000, 0x0000000085400000|100%|HS|  |TAMS 0x0000000085400000, 0x0000000085300000| Complete 
|  84|0x0000000085400000, 0x0000000085500000, 0x0000000085500000|100%|HC|  |TAMS 0x0000000085500000, 0x0000000085400000| Complete 
|  85|0x0000000085500000, 0x0000000085600000, 0x0000000085600000|100%|HC|  |TAMS 0x0000000085600000, 0x0000000085500000| Complete 
|  86|0x0000000085600000, 0x0000000085700000, 0x0000000085700000|100%| O|  |TAMS 0x0000000085700000, 0x0000000085600000| Untracked 
|  87|0x0000000085700000, 0x0000000085800000, 0x0000000085800000|100%| O|  |TAMS 0x0000000085800000, 0x0000000085700000| Untracked 
|  88|0x0000000085800000, 0x0000000085900000, 0x0000000085900000|100%| O|  |TAMS 0x0000000085900000, 0x0000000085800000| Untracked 
|  89|0x0000000085900000, 0x0000000085a00000, 0x0000000085a00000|100%| O|  |TAMS 0x0000000085a00000, 0x0000000085900000| Untracked 
|  90|0x0000000085a00000, 0x0000000085b00000, 0x0000000085b00000|100%| O|  |TAMS 0x0000000085b00000, 0x0000000085a00000| Untracked 
|  91|0x0000000085b00000, 0x0000000085c00000, 0x0000000085c00000|100%| O|  |TAMS 0x0000000085c00000, 0x0000000085b00000| Untracked 
|  92|0x0000000085c00000, 0x0000000085d00000, 0x0000000085d00000|100%| O|  |TAMS 0x0000000085d00000, 0x0000000085c00000| Untracked 
|  93|0x0000000085d00000, 0x0000000085e00000, 0x0000000085e00000|100%| O|  |TAMS 0x0000000085e00000, 0x0000000085d00000| Untracked 
|  94|0x0000000085e00000, 0x0000000085f00000, 0x0000000085f00000|100%| O|  |TAMS 0x0000000085f00000, 0x0000000085e00000| Untracked 
|  95|0x0000000085f00000, 0x0000000086000000, 0x0000000086000000|100%| O|  |TAMS 0x0000000086000000, 0x0000000085f00000| Untracked 
|  96|0x0000000086000000, 0x0000000086100000, 0x0000000086100000|100%| O|  |TAMS 0x0000000086100000, 0x0000000086000000| Untracked 
|  97|0x0000000086100000, 0x0000000086200000, 0x0000000086200000|100%| O|  |TAMS 0x0000000086200000, 0x0000000086100000| Untracked 
|  98|0x0000000086200000, 0x0000000086300000, 0x0000000086300000|100%| O|  |TAMS 0x0000000086300000, 0x0000000086200000| Untracked 
|  99|0x0000000086300000, 0x0000000086400000, 0x0000000086400000|100%| O|  |TAMS 0x0000000086400000, 0x0000000086300000| Untracked 
| 100|0x0000000086400000, 0x0000000086500000, 0x0000000086500000|100%|HS|  |TAMS 0x0000000086500000, 0x0000000086400000| Complete 
| 101|0x0000000086500000, 0x0000000086600000, 0x0000000086600000|100%|HS|  |TAMS 0x0000000086600000, 0x0000000086500000| Complete 
| 102|0x0000000086600000, 0x0000000086700000, 0x0000000086700000|100%|HC|  |TAMS 0x0000000086700000, 0x0000000086600000| Complete 
| 103|0x0000000086700000, 0x0000000086800000, 0x0000000086800000|100%|HC|  |TAMS 0x0000000086800000, 0x0000000086700000| Complete 
| 104|0x0000000086800000, 0x0000000086900000, 0x0000000086900000|100%| O|  |TAMS 0x0000000086900000, 0x0000000086800000| Untracked 
| 105|0x0000000086900000, 0x0000000086a00000, 0x0000000086a00000|100%| O|  |TAMS 0x0000000086a00000, 0x0000000086900000| Untracked 
| 106|0x0000000086a00000, 0x0000000086b00000, 0x0000000086b00000|100%| O|  |TAMS 0x0000000086b00000, 0x0000000086a00000| Untracked 
| 107|0x0000000086b00000, 0x0000000086c00000, 0x0000000086c00000|100%| O|  |TAMS 0x0000000086c00000, 0x0000000086b00000| Untracked 
| 108|0x0000000086c00000, 0x0000000086d00000, 0x0000000086d00000|100%| O|  |TAMS 0x0000000086d00000, 0x0000000086c00000| Untracked 
| 109|0x0000000086d00000, 0x0000000086e00000, 0x0000000086e00000|100%| O|  |TAMS 0x0000000086e00000, 0x0000000086d00000| Untracked 
| 110|0x0000000086e00000, 0x0000000086f00000, 0x0000000086f00000|100%| O|  |TAMS 0x0000000086f00000, 0x0000000086e00000| Untracked 
| 111|0x0000000086f00000, 0x0000000087000000, 0x0000000087000000|100%| O|  |TAMS 0x0000000087000000, 0x0000000086f00000| Untracked 
| 112|0x0000000087000000, 0x0000000087100000, 0x0000000087100000|100%| O|  |TAMS 0x0000000087100000, 0x0000000087000000| Untracked 
| 113|0x0000000087100000, 0x0000000087200000, 0x0000000087200000|100%| O|  |TAMS 0x0000000087200000, 0x0000000087100000| Untracked 
| 114|0x0000000087200000, 0x0000000087300000, 0x0000000087300000|100%| O|  |TAMS 0x0000000087300000, 0x0000000087200000| Untracked 
| 115|0x0000000087300000, 0x0000000087400000, 0x0000000087400000|100%| O|  |TAMS 0x0000000087400000, 0x0000000087300000| Untracked 
| 116|0x0000000087400000, 0x0000000087500000, 0x0000000087500000|100%| O|  |TAMS 0x0000000087500000, 0x0000000087400000| Untracked 
| 117|0x0000000087500000, 0x0000000087600000, 0x0000000087600000|100%| O|  |TAMS 0x0000000087542000, 0x0000000087500000| Untracked 
| 118|0x0000000087600000, 0x0000000087700000, 0x0000000087700000|100%| O|  |TAMS 0x0000000087600000, 0x0000000087600000| Untracked 
| 119|0x0000000087700000, 0x0000000087800000, 0x0000000087800000|100%| O|  |TAMS 0x0000000087700000, 0x0000000087700000| Untracked 
| 120|0x0000000087800000, 0x0000000087900000, 0x0000000087900000|100%| O|  |TAMS 0x0000000087800000, 0x0000000087800000| Untracked 
| 121|0x0000000087900000, 0x0000000087a00000, 0x0000000087a00000|100%| O|  |TAMS 0x0000000087900000, 0x0000000087900000| Untracked 
| 122|0x0000000087a00000, 0x0000000087b00000, 0x0000000087b00000|100%| O|  |TAMS 0x0000000087a00000, 0x0000000087a00000| Untracked 
| 123|0x0000000087b00000, 0x0000000087c00000, 0x0000000087c00000|100%| O|  |TAMS 0x0000000087b00000, 0x0000000087b00000| Untracked 
| 124|0x0000000087c00000, 0x0000000087c00000, 0x0000000087d00000|  0%| F|  |TAMS 0x0000000087c00000, 0x0000000087c00000| Untracked 
| 125|0x0000000087d00000, 0x0000000087d00000, 0x0000000087e00000|  0%| F|  |TAMS 0x0000000087d00000, 0x0000000087d00000| Untracked 
| 126|0x0000000087e00000, 0x0000000087e00000, 0x0000000087f00000|  0%| F|  |TAMS 0x0000000087e00000, 0x0000000087e00000| Untracked 
| 127|0x0000000087f00000, 0x0000000087f00000, 0x0000000088000000|  0%| F|  |TAMS 0x0000000087f00000, 0x0000000087f00000| Untracked 
| 128|0x0000000088000000, 0x0000000088000000, 0x0000000088100000|  0%| F|  |TAMS 0x0000000088000000, 0x0000000088000000| Untracked 
| 129|0x0000000088100000, 0x0000000088100000, 0x0000000088200000|  0%| F|  |TAMS 0x0000000088100000, 0x0000000088100000| Untracked 
| 130|0x0000000088200000, 0x0000000088200000, 0x0000000088300000|  0%| F|  |TAMS 0x0000000088200000, 0x0000000088200000| Untracked 
| 131|0x0000000088300000, 0x0000000088300000, 0x0000000088400000|  0%| F|  |TAMS 0x0000000088300000, 0x0000000088300000| Untracked 
| 132|0x0000000088400000, 0x0000000088400000, 0x0000000088500000|  0%| F|  |TAMS 0x0000000088400000, 0x0000000088400000| Untracked 
| 133|0x0000000088500000, 0x0000000088500000, 0x0000000088600000|  0%| F|  |TAMS 0x0000000088500000, 0x0000000088500000| Untracked 
| 134|0x0000000088600000, 0x0000000088600000, 0x0000000088700000|  0%| F|  |TAMS 0x0000000088600000, 0x0000000088600000| Untracked 
| 135|0x0000000088700000, 0x0000000088700000, 0x0000000088800000|  0%| F|  |TAMS 0x0000000088700000, 0x0000000088700000| Untracked 
| 136|0x0000000088800000, 0x0000000088800000, 0x0000000088900000|  0%| F|  |TAMS 0x0000000088800000, 0x0000000088800000| Untracked 
| 137|0x0000000088900000, 0x0000000088900000, 0x0000000088a00000|  0%| F|  |TAMS 0x0000000088900000, 0x0000000088900000| Untracked 
| 138|0x0000000088a00000, 0x0000000088a00000, 0x0000000088b00000|  0%| F|  |TAMS 0x0000000088a00000, 0x0000000088a00000| Untracked 
| 139|0x0000000088b00000, 0x0000000088b00000, 0x0000000088c00000|  0%| F|  |TAMS 0x0000000088b00000, 0x0000000088b00000| Untracked 
| 140|0x0000000088c00000, 0x0000000088c00000, 0x0000000088d00000|  0%| F|  |TAMS 0x0000000088c00000, 0x0000000088c00000| Untracked 
| 141|0x0000000088d00000, 0x0000000088d00000, 0x0000000088e00000|  0%| F|  |TAMS 0x0000000088d00000, 0x0000000088d00000| Untracked 
| 142|0x0000000088e00000, 0x0000000088e00000, 0x0000000088f00000|  0%| F|  |TAMS 0x0000000088e00000, 0x0000000088e00000| Untracked 
| 143|0x0000000088f00000, 0x0000000088f00000, 0x0000000089000000|  0%| F|  |TAMS 0x0000000088f00000, 0x0000000088f00000| Untracked 
| 144|0x0000000089000000, 0x0000000089000000, 0x0000000089100000|  0%| F|  |TAMS 0x0000000089000000, 0x0000000089000000| Untracked 
| 145|0x0000000089100000, 0x0000000089100000, 0x0000000089200000|  0%| F|  |TAMS 0x0000000089100000, 0x0000000089100000| Untracked 
| 146|0x0000000089200000, 0x0000000089200000, 0x0000000089300000|  0%| F|  |TAMS 0x0000000089200000, 0x0000000089200000| Untracked 
| 147|0x0000000089300000, 0x0000000089300000, 0x0000000089400000|  0%| F|  |TAMS 0x0000000089300000, 0x0000000089300000| Untracked 
| 148|0x0000000089400000, 0x0000000089400000, 0x0000000089500000|  0%| F|  |TAMS 0x0000000089400000, 0x0000000089400000| Untracked 
| 149|0x0000000089500000, 0x0000000089500000, 0x0000000089600000|  0%| F|  |TAMS 0x0000000089500000, 0x0000000089500000| Untracked 
| 150|0x0000000089600000, 0x0000000089600000, 0x0000000089700000|  0%| F|  |TAMS 0x0000000089600000, 0x0000000089600000| Untracked 
| 151|0x0000000089700000, 0x0000000089700000, 0x0000000089800000|  0%| F|  |TAMS 0x0000000089700000, 0x0000000089700000| Untracked 
| 152|0x0000000089800000, 0x0000000089800000, 0x0000000089900000|  0%| F|  |TAMS 0x0000000089800000, 0x0000000089800000| Untracked 
| 153|0x0000000089900000, 0x0000000089900000, 0x0000000089a00000|  0%| F|  |TAMS 0x0000000089900000, 0x0000000089900000| Untracked 
| 154|0x0000000089a00000, 0x0000000089a00000, 0x0000000089b00000|  0%| F|  |TAMS 0x0000000089a00000, 0x0000000089a00000| Untracked 
| 155|0x0000000089b00000, 0x0000000089b00000, 0x0000000089c00000|  0%| F|  |TAMS 0x0000000089b00000, 0x0000000089b00000| Untracked 
| 156|0x0000000089c00000, 0x0000000089c00000, 0x0000000089d00000|  0%| F|  |TAMS 0x0000000089c00000, 0x0000000089c00000| Untracked 
| 157|0x0000000089d00000, 0x0000000089d00000, 0x0000000089e00000|  0%| F|  |TAMS 0x0000000089d00000, 0x0000000089d00000| Untracked 
| 158|0x0000000089e00000, 0x0000000089e00000, 0x0000000089f00000|  0%| F|  |TAMS 0x0000000089e00000, 0x0000000089e00000| Untracked 
| 159|0x0000000089f00000, 0x0000000089f00000, 0x000000008a000000|  0%| F|  |TAMS 0x0000000089f00000, 0x0000000089f00000| Untracked 
| 160|0x000000008a000000, 0x000000008a000000, 0x000000008a100000|  0%| F|  |TAMS 0x000000008a000000, 0x000000008a000000| Untracked 
| 161|0x000000008a100000, 0x000000008a100000, 0x000000008a200000|  0%| F|  |TAMS 0x000000008a100000, 0x000000008a100000| Untracked 
| 162|0x000000008a200000, 0x000000008a200000, 0x000000008a300000|  0%| F|  |TAMS 0x000000008a200000, 0x000000008a200000| Untracked 
| 163|0x000000008a300000, 0x000000008a300000, 0x000000008a400000|  0%| F|  |TAMS 0x000000008a300000, 0x000000008a300000| Untracked 
| 164|0x000000008a400000, 0x000000008a400000, 0x000000008a500000|  0%| F|  |TAMS 0x000000008a400000, 0x000000008a400000| Untracked 
| 165|0x000000008a500000, 0x000000008a500000, 0x000000008a600000|  0%| F|  |TAMS 0x000000008a500000, 0x000000008a500000| Untracked 
| 166|0x000000008a600000, 0x000000008a600000, 0x000000008a700000|  0%| F|  |TAMS 0x000000008a600000, 0x000000008a600000| Untracked 
| 167|0x000000008a700000, 0x000000008a700000, 0x000000008a800000|  0%| F|  |TAMS 0x000000008a700000, 0x000000008a700000| Untracked 
| 168|0x000000008a800000, 0x000000008a800000, 0x000000008a900000|  0%| F|  |TAMS 0x000000008a800000, 0x000000008a800000| Untracked 
| 169|0x000000008a900000, 0x000000008a900000, 0x000000008aa00000|  0%| F|  |TAMS 0x000000008a900000, 0x000000008a900000| Untracked 
| 170|0x000000008aa00000, 0x000000008aa00000, 0x000000008ab00000|  0%| F|  |TAMS 0x000000008aa00000, 0x000000008aa00000| Untracked 
| 171|0x000000008ab00000, 0x000000008ab00000, 0x000000008ac00000|  0%| F|  |TAMS 0x000000008ab00000, 0x000000008ab00000| Untracked 
| 172|0x000000008ac00000, 0x000000008ac00000, 0x000000008ad00000|  0%| F|  |TAMS 0x000000008ac00000, 0x000000008ac00000| Untracked 
| 173|0x000000008ad00000, 0x000000008ad00000, 0x000000008ae00000|  0%| F|  |TAMS 0x000000008ad00000, 0x000000008ad00000| Untracked 
| 174|0x000000008ae00000, 0x000000008ae00000, 0x000000008af00000|  0%| F|  |TAMS 0x000000008ae00000, 0x000000008ae00000| Untracked 
| 175|0x000000008af00000, 0x000000008af00000, 0x000000008b000000|  0%| F|  |TAMS 0x000000008af00000, 0x000000008af00000| Untracked 
| 176|0x000000008b000000, 0x000000008b000000, 0x000000008b100000|  0%| F|  |TAMS 0x000000008b000000, 0x000000008b000000| Untracked 
| 177|0x000000008b100000, 0x000000008b100000, 0x000000008b200000|  0%| F|  |TAMS 0x000000008b100000, 0x000000008b100000| Untracked 
| 178|0x000000008b200000, 0x000000008b200000, 0x000000008b300000|  0%| F|  |TAMS 0x000000008b200000, 0x000000008b200000| Untracked 
| 179|0x000000008b300000, 0x000000008b300000, 0x000000008b400000|  0%| F|  |TAMS 0x000000008b300000, 0x000000008b300000| Untracked 
| 180|0x000000008b400000, 0x000000008b400000, 0x000000008b500000|  0%| F|  |TAMS 0x000000008b400000, 0x000000008b400000| Untracked 
| 181|0x000000008b500000, 0x000000008b500000, 0x000000008b600000|  0%| F|  |TAMS 0x000000008b500000, 0x000000008b500000| Untracked 
| 182|0x000000008b600000, 0x000000008b600000, 0x000000008b700000|  0%| F|  |TAMS 0x000000008b600000, 0x000000008b600000| Untracked 
| 183|0x000000008b700000, 0x000000008b700000, 0x000000008b800000|  0%| F|  |TAMS 0x000000008b700000, 0x000000008b700000| Untracked 
| 184|0x000000008b800000, 0x000000008b800000, 0x000000008b900000|  0%| F|  |TAMS 0x000000008b800000, 0x000000008b800000| Untracked 
| 185|0x000000008b900000, 0x000000008b900000, 0x000000008ba00000|  0%| F|  |TAMS 0x000000008b900000, 0x000000008b900000| Untracked 
| 186|0x000000008ba00000, 0x000000008ba00000, 0x000000008bb00000|  0%| F|  |TAMS 0x000000008ba00000, 0x000000008ba00000| Untracked 
| 187|0x000000008bb00000, 0x000000008bb00000, 0x000000008bc00000|  0%| F|  |TAMS 0x000000008bb00000, 0x000000008bb00000| Untracked 
| 188|0x000000008bc00000, 0x000000008bc00000, 0x000000008bd00000|  0%| F|  |TAMS 0x000000008bc00000, 0x000000008bc00000| Untracked 
| 189|0x000000008bd00000, 0x000000008bd00000, 0x000000008be00000|  0%| F|  |TAMS 0x000000008bd00000, 0x000000008bd00000| Untracked 
| 190|0x000000008be00000, 0x000000008be00000, 0x000000008bf00000|  0%| F|  |TAMS 0x000000008be00000, 0x000000008be00000| Untracked 
| 191|0x000000008bf00000, 0x000000008bf00000, 0x000000008c000000|  0%| F|  |TAMS 0x000000008bf00000, 0x000000008bf00000| Untracked 
| 192|0x000000008c000000, 0x000000008c000000, 0x000000008c100000|  0%| F|  |TAMS 0x000000008c000000, 0x000000008c000000| Untracked 
| 193|0x000000008c100000, 0x000000008c100000, 0x000000008c200000|  0%| F|  |TAMS 0x000000008c100000, 0x000000008c100000| Untracked 
| 194|0x000000008c200000, 0x000000008c200000, 0x000000008c300000|  0%| F|  |TAMS 0x000000008c200000, 0x000000008c200000| Untracked 
| 195|0x000000008c300000, 0x000000008c300000, 0x000000008c400000|  0%| F|  |TAMS 0x000000008c300000, 0x000000008c300000| Untracked 
| 196|0x000000008c400000, 0x000000008c400000, 0x000000008c500000|  0%| F|  |TAMS 0x000000008c400000, 0x000000008c400000| Untracked 
| 197|0x000000008c500000, 0x000000008c500000, 0x000000008c600000|  0%| F|  |TAMS 0x000000008c500000, 0x000000008c500000| Untracked 
| 198|0x000000008c600000, 0x000000008c600000, 0x000000008c700000|  0%| F|  |TAMS 0x000000008c600000, 0x000000008c600000| Untracked 
| 199|0x000000008c700000, 0x000000008c700000, 0x000000008c800000|  0%| F|  |TAMS 0x000000008c700000, 0x000000008c700000| Untracked 
| 200|0x000000008c800000, 0x000000008c800000, 0x000000008c900000|  0%| F|  |TAMS 0x000000008c800000, 0x000000008c800000| Untracked 
| 201|0x000000008c900000, 0x000000008c921a68, 0x000000008ca00000| 13%| S|CS|TAMS 0x000000008c900000, 0x000000008c900000| Complete 
| 202|0x000000008ca00000, 0x000000008cb00000, 0x000000008cb00000|100%| S|CS|TAMS 0x000000008ca00000, 0x000000008ca00000| Complete 
| 203|0x000000008cb00000, 0x000000008cb00000, 0x000000008cc00000|  0%| F|  |TAMS 0x000000008cb00000, 0x000000008cb00000| Untracked 
| 204|0x000000008cc00000, 0x000000008cc00000, 0x000000008cd00000|  0%| F|  |TAMS 0x000000008cc00000, 0x000000008cc00000| Untracked 
| 205|0x000000008cd00000, 0x000000008cd00000, 0x000000008ce00000|  0%| F|  |TAMS 0x000000008cd00000, 0x000000008cd00000| Untracked 
| 206|0x000000008ce00000, 0x000000008ce00000, 0x000000008cf00000|  0%| F|  |TAMS 0x000000008ce00000, 0x000000008ce00000| Untracked 
| 207|0x000000008cf00000, 0x000000008cf00000, 0x000000008d000000|  0%| F|  |TAMS 0x000000008cf00000, 0x000000008cf00000| Untracked 
| 208|0x000000008d000000, 0x000000008d000000, 0x000000008d100000|  0%| F|  |TAMS 0x000000008d000000, 0x000000008d000000| Untracked 
| 209|0x000000008d100000, 0x000000008d100000, 0x000000008d200000|  0%| F|  |TAMS 0x000000008d100000, 0x000000008d100000| Untracked 

Card table byte_map: [0x0000025358550000,0x0000025358950000] _byte_map_base: 0x0000025358150000

Marking Bits (Prev, Next): (CMBitMap*) 0x0000025341878a60, (CMBitMap*) 0x0000025341878aa0
 Prev Bits: [0x0000025358d50000, 0x000002535ad50000)
 Next Bits: [0x000002535ad50000, 0x000002535cd50000)

Polling page: 0x000002533f700000

Metaspace:

Usage:
  Non-class:     77.94 MB used.
      Class:     12.34 MB used.
       Both:     90.28 MB used.

Virtual space:
  Non-class space:      128.00 MB reserved,      79.00 MB ( 62%) committed,  2 nodes.
      Class space:      412.00 MB reserved,      13.38 MB (  3%) committed,  1 nodes.
             Both:      540.00 MB reserved,      92.38 MB ( 17%) committed. 

Chunk freelists:
   Non-Class:  240.00 KB
       Class:  2.58 MB
        Both:  2.81 MB

MaxMetaspaceSize: 512.00 MB
CompressedClassSpaceSize: 412.00 MB
Initial GC threshold: 21.00 MB
Current GC threshold: 148.44 MB
CDS: on
MetaspaceReclaimPolicy: balanced
 - commit_granule_bytes: 65536.
 - commit_granule_words: 8192.
 - virtual_space_node_default_size: 8388608.
 - enlarge_chunks_in_place: 1.
 - new_chunks_are_fully_committed: 0.
 - uncommit_free_chunks: 1.
 - use_allocation_guard: 0.


Internal statistics:

num_allocs_failed_limit: 6.
num_arena_births: 3568.
num_arena_deaths: 0.
num_vsnodes_births: 3.
num_vsnodes_deaths: 0.
num_space_committed: 1478.
num_space_uncommitted: 0.
num_chunks_returned_to_freelist: 6.
num_chunks_taken_from_freelist: 7747.
num_chunk_merges: 6.
num_chunk_splits: 5123.
num_chunks_enlarged: 3334.
num_inconsistent_stats: 0.

CodeHeap 'non-profiled nmethods': size=120000Kb used=6021Kb max_used=6021Kb free=113978Kb
 bounds [0x0000025350c20000, 0x0000025351210000, 0x0000025358150000]
CodeHeap 'profiled nmethods': size=120000Kb used=21854Kb max_used=21854Kb free=98145Kb
 bounds [0x00000253496f0000, 0x000002534ac50000, 0x0000025350c20000]
CodeHeap 'non-nmethods': size=5760Kb used=2408Kb max_used=2488Kb free=3352Kb
 bounds [0x0000025349150000, 0x00000253493e0000, 0x00000253496f0000]
 total_blobs=11826 nmethods=10892 adapters=846
 compilation: enabled
              stopped_count=0, restarted_count=0
 full_count=0

Compilation events (20 events):
Event: 56.544 Thread 0x000002535f1d5ee0 12468       3       org.gradle.internal.component.model.AttributeMatchingExplanationBuilder::candidateDoesNotMatchAttributes (1 bytes)
Event: 56.544 Thread 0x000002535f1d5ee0 nmethod 12468 0x000002534ac43490 code [0x000002534ac43620, 0x000002534ac43738]
Event: 56.544 Thread 0x000002535f1d5ee0 12469       3       org.gradle.api.internal.artifacts.transform.ConsumerProvidedVariantFinder::findProducersFor (343 bytes)
Event: 56.546 Thread 0x000002535f1d2d50 nmethod 12454 0x00000253511fef90 code [0x00000253511ff160, 0x00000253511ff5f8]
Event: 56.546 Thread 0x000002535f1d2d50 12462       4       org.gradle.api.internal.artifacts.transform.ConsumerProvidedVariantFinder::matchAttributes (68 bytes)
Event: 56.546 Thread 0x000002535f1d5ee0 nmethod 12469 0x000002534ac43810 code [0x000002534ac43d20, 0x000002534ac46ac8]
Event: 56.547 Thread 0x000002536a70b410 nmethod 12438 0x00000253511ffa90 code [0x00000253511ffc80, 0x00000253512007f8]
Event: 56.547 Thread 0x000002536a70b410 12463       4       org.gradle.api.internal.attributes.EmptySchema::compatibilityRules (5 bytes)
Event: 56.547 Thread 0x000002535f1d5ee0 12470       1       org.gradle.api.internal.artifacts.transform.DefaultVariantTransformRegistry::getTransforms (5 bytes)
Event: 56.547 Thread 0x000002536a70b410 nmethod 12463 0x0000025351200e90 code [0x0000025351201000, 0x0000025351201078]
Event: 56.547 Thread 0x000002535f1d5ee0 nmethod 12470 0x0000025351201190 code [0x0000025351201320, 0x00000253512013f8]
Event: 56.547 Thread 0x000002535f1d5ee0 12471       1       com.google.common.collect.RegularImmutableAsList::delegateCollection (5 bytes)
Event: 56.548 Thread 0x000002535f1d5ee0 nmethod 12471 0x0000025351201490 code [0x0000025351201620, 0x00000253512016f8]
Event: 56.548 Thread 0x000002535f1d5ee0 12472       3       org.gradle.internal.component.model.AttributeMatchingExplanationBuilder::candidateAttributeDoesNotMatch (1 bytes)
Event: 56.548 Thread 0x000002535f1d5ee0 nmethod 12472 0x000002534ac47a10 code [0x000002534ac47ba0, 0x000002534ac47cb8]
Event: 56.549 Thread 0x000002535f1d5ee0 12473       3       org.gradle.util.internal.GUtil$1::compare (13 bytes)
Event: 56.549 Thread 0x000002535f1d5ee0 nmethod 12473 0x000002534ac47d90 code [0x000002534ac47f80, 0x000002534ac48498]
Event: 56.549 Thread 0x000002535f1d5ee0 12474       3       org.gradle.util.internal.GUtil$1::compare (18 bytes)
Event: 56.549 Thread 0x000002535f1d5ee0 nmethod 12474 0x000002534ac48690 code [0x000002534ac48860, 0x000002534ac48b18]
Event: 56.549 Thread 0x000002535f1d5ee0 12475       3       sun.reflect.annotation.AnnotationInvocationHandler::memberValueHashCode (137 bytes)

GC Heap History (20 events):
Event: 49.490 GC heap after
{Heap after GC invocations=40 (full 0):
 garbage-first heap   total 148480K, used 81335K [0x0000000080000000, 0x0000000100000000)
  region size 1024K, 3 young (3072K), 3 survivors (3072K)
 Metaspace       used 76888K, committed 78912K, reserved 552960K
  class space    used 10610K, committed 11648K, reserved 421888K
}
Event: 49.588 GC heap before
{Heap before GC invocations=40 (full 0):
 garbage-first heap   total 148480K, used 85431K [0x0000000080000000, 0x0000000100000000)
  region size 1024K, 7 young (7168K), 3 survivors (3072K)
 Metaspace       used 77299K, committed 79232K, reserved 552960K
  class space    used 10661K, committed 11648K, reserved 421888K
}
Event: 49.591 GC heap after
{Heap after GC invocations=41 (full 0):
 garbage-first heap   total 148480K, used 81808K [0x0000000080000000, 0x0000000100000000)
  region size 1024K, 1 young (1024K), 1 survivors (1024K)
 Metaspace       used 77299K, committed 79232K, reserved 552960K
  class space    used 10661K, committed 11648K, reserved 421888K
}
Event: 50.237 GC heap before
{Heap before GC invocations=41 (full 0):
 garbage-first heap   total 148480K, used 117648K [0x0000000080000000, 0x0000000100000000)
  region size 1024K, 36 young (36864K), 1 survivors (1024K)
 Metaspace       used 78827K, committed 80768K, reserved 552960K
  class space    used 10890K, committed 11904K, reserved 421888K
}
Event: 50.246 GC heap after
{Heap after GC invocations=42 (full 0):
 garbage-first heap   total 178176K, used 85451K [0x0000000080000000, 0x0000000100000000)
  region size 1024K, 4 young (4096K), 4 survivors (4096K)
 Metaspace       used 78827K, committed 80768K, reserved 552960K
  class space    used 10890K, committed 11904K, reserved 421888K
}
Event: 52.064 GC heap before
{Heap before GC invocations=43 (full 0):
 garbage-first heap   total 178176K, used 145867K [0x0000000080000000, 0x0000000100000000)
  region size 1024K, 57 young (58368K), 4 survivors (4096K)
 Metaspace       used 81110K, committed 83200K, reserved 552960K
  class space    used 11155K, committed 12224K, reserved 421888K
}
Event: 52.076 GC heap after
{Heap after GC invocations=44 (full 0):
 garbage-first heap   total 178176K, used 101811K [0x0000000080000000, 0x0000000100000000)
  region size 1024K, 8 young (8192K), 8 survivors (8192K)
 Metaspace       used 81110K, committed 83200K, reserved 552960K
  class space    used 11155K, committed 12224K, reserved 421888K
}
Event: 52.094 GC heap before
{Heap before GC invocations=44 (full 0):
 garbage-first heap   total 178176K, used 102835K [0x0000000080000000, 0x0000000100000000)
  region size 1024K, 9 young (9216K), 8 survivors (8192K)
 Metaspace       used 81131K, committed 83200K, reserved 552960K
  class space    used 11159K, committed 12224K, reserved 421888K
}
Event: 52.104 GC heap after
{Heap after GC invocations=45 (full 0):
 garbage-first heap   total 178176K, used 101941K [0x0000000080000000, 0x0000000100000000)
  region size 1024K, 1 young (1024K), 1 survivors (1024K)
 Metaspace       used 81131K, committed 83200K, reserved 552960K
  class space    used 11159K, committed 12224K, reserved 421888K
}
Event: 53.203 GC heap before
{Heap before GC invocations=45 (full 0):
 garbage-first heap   total 178176K, used 134709K [0x0000000080000000, 0x0000000100000000)
  region size 1024K, 35 young (35840K), 1 survivors (1024K)
 Metaspace       used 82791K, committed 84928K, reserved 552960K
  class space    used 11402K, committed 12480K, reserved 421888K
}
Event: 53.210 GC heap after
{Heap after GC invocations=46 (full 0):
 garbage-first heap   total 178176K, used 105529K [0x0000000080000000, 0x0000000100000000)
  region size 1024K, 5 young (5120K), 5 survivors (5120K)
 Metaspace       used 82791K, committed 84928K, reserved 552960K
  class space    used 11402K, committed 12480K, reserved 421888K
}
Event: 54.176 GC heap before
{Heap before GC invocations=47 (full 0):
 garbage-first heap   total 198656K, used 144441K [0x0000000080000000, 0x0000000100000000)
  region size 1024K, 39 young (39936K), 5 survivors (5120K)
 Metaspace       used 85044K, committed 87232K, reserved 552960K
  class space    used 11679K, committed 12800K, reserved 421888K
}
Event: 54.188 GC heap after
{Heap after GC invocations=48 (full 0):
 garbage-first heap   total 198656K, used 118759K [0x0000000080000000, 0x0000000100000000)
  region size 1024K, 5 young (5120K), 5 survivors (5120K)
 Metaspace       used 85044K, committed 87232K, reserved 552960K
  class space    used 11679K, committed 12800K, reserved 421888K
}
Event: 54.277 GC heap before
{Heap before GC invocations=48 (full 0):
 garbage-first heap   total 198656K, used 122855K [0x0000000080000000, 0x0000000100000000)
  region size 1024K, 9 young (9216K), 5 survivors (5120K)
 Metaspace       used 85281K, committed 87488K, reserved 552960K
  class space    used 11709K, committed 12800K, reserved 421888K
}
Event: 54.283 GC heap after
{Heap after GC invocations=49 (full 0):
 garbage-first heap   total 198656K, used 119759K [0x0000000080000000, 0x0000000100000000)
  region size 1024K, 1 young (1024K), 1 survivors (1024K)
 Metaspace       used 85281K, committed 87488K, reserved 552960K
  class space    used 11709K, committed 12800K, reserved 421888K
}
Event: 55.119 GC heap before
{Heap before GC invocations=49 (full 0):
 garbage-first heap   total 198656K, used 155599K [0x0000000080000000, 0x0000000100000000)
  region size 1024K, 36 young (36864K), 1 survivors (1024K)
 Metaspace       used 88139K, committed 90240K, reserved 552960K
  class space    used 12058K, committed 13120K, reserved 421888K
}
Event: 55.129 GC heap after
{Heap after GC invocations=50 (full 0):
 garbage-first heap   total 198656K, used 123694K [0x0000000080000000, 0x0000000100000000)
  region size 1024K, 5 young (5120K), 5 survivors (5120K)
 Metaspace       used 88139K, committed 90240K, reserved 552960K
  class space    used 12058K, committed 13120K, reserved 421888K
}
Event: 56.332 GC heap before
{Heap before GC invocations=51 (full 0):
 garbage-first heap   total 215040K, used 158510K [0x0000000080000000, 0x0000000100000000)
  region size 1024K, 39 young (39936K), 5 survivors (5120K)
 Metaspace       used 92187K, committed 94336K, reserved 552960K
  class space    used 12606K, committed 13696K, reserved 421888K
}
Event: 56.345 GC heap after
{Heap after GC invocations=52 (full 0):
 garbage-first heap   total 215040K, used 126206K [0x0000000080000000, 0x0000000100000000)
  region size 1024K, 3 young (3072K), 3 survivors (3072K)
 Metaspace       used 92187K, committed 94336K, reserved 552960K
  class space    used 12606K, committed 13696K, reserved 421888K
}
Event: 56.549 GC heap before
{Heap before GC invocations=52 (full 0):
 garbage-first heap   total 215040K, used 133374K [0x0000000080000000, 0x0000000100000000)
  region size 1024K, 10 young (10240K), 3 survivors (3072K)
 Metaspace       used 92442K, committed 94592K, reserved 552960K
  class space    used 12631K, committed 13696K, reserved 421888K
}

Deoptimization events (20 events):
Event: 56.377 Thread 0x0000025363fdf440 Uncommon trap: trap_request=0xffffff45 fr.pc=0x000002535106541c relative=0x000000000000031c
Event: 56.377 Thread 0x0000025363fdf440 Uncommon trap: reason=unstable_if action=reinterpret pc=0x000002535106541c method=com.google.gson.stream.JsonReader.doPeek()I @ 525 c2
Event: 56.377 Thread 0x0000025363fdf440 DEOPT PACKING pc=0x000002535106541c sp=0x000000969c7f97b0
Event: 56.377 Thread 0x0000025363fdf440 DEOPT UNPACKING pc=0x00000253491a23a3 sp=0x000000969c7f9730 mode 2
Event: 56.418 Thread 0x0000025363fdf440 Uncommon trap: trap_request=0xffffff45 fr.pc=0x0000025350c85ea4 relative=0x0000000000000424
Event: 56.418 Thread 0x0000025363fdf440 Uncommon trap: reason=unstable_if action=reinterpret pc=0x0000025350c85ea4 method=com.google.common.cache.LocalCache.isExpired(Lcom/google/common/cache/ReferenceEntry;J)Z @ 9 c2
Event: 56.418 Thread 0x0000025363fdf440 DEOPT PACKING pc=0x0000025350c85ea4 sp=0x000000969c7f9350
Event: 56.418 Thread 0x0000025363fdf440 DEOPT UNPACKING pc=0x00000253491a23a3 sp=0x000000969c7f9230 mode 2
Event: 56.524 Thread 0x0000025363fdf440 Uncommon trap: trap_request=0xffffff45 fr.pc=0x0000025350e2f5f8 relative=0x00000000000001d8
Event: 56.524 Thread 0x0000025363fdf440 Uncommon trap: reason=unstable_if action=reinterpret pc=0x0000025350e2f5f8 method=org.gradle.internal.hash.HashCode.equals(Ljava/lang/Object;)Z @ 2 c2
Event: 56.524 Thread 0x0000025363fdf440 DEOPT PACKING pc=0x0000025350e2f5f8 sp=0x000000969c7f9490
Event: 56.524 Thread 0x0000025363fdf440 DEOPT UNPACKING pc=0x00000253491a23a3 sp=0x000000969c7f9418 mode 2
Event: 56.536 Thread 0x0000025363fdf440 Uncommon trap: trap_request=0xffffffd6 fr.pc=0x00000253511c95f8 relative=0x00000000000009d8
Event: 56.536 Thread 0x0000025363fdf440 Uncommon trap: reason=array_check action=maybe_recompile pc=0x00000253511c95f8 method=java.util.TimSort.binarySort([Ljava/lang/Object;IIILjava/util/Comparator;)V @ 183 c2
Event: 56.536 Thread 0x0000025363fdf440 DEOPT PACKING pc=0x00000253511c95f8 sp=0x000000969c7f9f30
Event: 56.536 Thread 0x0000025363fdf440 DEOPT UNPACKING pc=0x00000253491a23a3 sp=0x000000969c7f9ed8 mode 2
Event: 56.537 Thread 0x0000025363fdf440 Uncommon trap: trap_request=0xffffffd6 fr.pc=0x00000253511c95f8 relative=0x00000000000009d8
Event: 56.537 Thread 0x0000025363fdf440 Uncommon trap: reason=array_check action=maybe_recompile pc=0x00000253511c95f8 method=java.util.TimSort.binarySort([Ljava/lang/Object;IIILjava/util/Comparator;)V @ 183 c2
Event: 56.537 Thread 0x0000025363fdf440 DEOPT PACKING pc=0x00000253511c95f8 sp=0x000000969c7f9ad0
Event: 56.537 Thread 0x0000025363fdf440 DEOPT UNPACKING pc=0x00000253491a23a3 sp=0x000000969c7f9a78 mode 2

Classes loaded (20 events):
Event: 56.274 Loading class javax/xml/transform/sax/SAXSource
Event: 56.274 Loading class javax/xml/transform/sax/SAXSource done
Event: 56.275 Loading class org/xml/sax/helpers/XMLFilterImpl
Event: 56.276 Loading class org/xml/sax/helpers/XMLFilterImpl done
Event: 56.281 Loading class org/xml/sax/helpers/AttributesImpl
Event: 56.282 Loading class org/xml/sax/helpers/AttributesImpl done
Event: 56.284 Loading class java/util/regex/Pattern$Behind
Event: 56.284 Loading class java/util/regex/Pattern$Behind done
Event: 56.284 Loading class java/util/regex/Pattern$Neg
Event: 56.284 Loading class java/util/regex/Pattern$Neg done
Event: 56.298 Loading class javax/xml/datatype/DatatypeConfigurationException
Event: 56.298 Loading class javax/xml/datatype/DatatypeConfigurationException done
Event: 56.317 Loading class java/util/EnumMap$EntrySet
Event: 56.317 Loading class java/util/EnumMap$EntrySet done
Event: 56.317 Loading class java/util/EnumMap$EntryIterator
Event: 56.318 Loading class java/util/EnumMap$EnumMapIterator
Event: 56.318 Loading class java/util/EnumMap$EnumMapIterator done
Event: 56.318 Loading class java/util/EnumMap$EntryIterator done
Event: 56.319 Loading class java/util/EnumMap$EntryIterator$Entry
Event: 56.319 Loading class java/util/EnumMap$EntryIterator$Entry done

Classes unloaded (0 events):
No events

Classes redefined (0 events):
No events

Internal exceptions (20 events):
Event: 54.116 Thread 0x0000025363fdf440 Implicit null exception at 0x0000025350c7d780 to 0x0000025350c7e0d4
Event: 54.117 Thread 0x0000025363fdf440 Implicit null exception at 0x0000025350c7d780 to 0x0000025350c7e0d4
Event: 54.118 Thread 0x0000025363fdf440 Implicit null exception at 0x0000025350c7d780 to 0x0000025350c7e0d4
Event: 54.344 Thread 0x0000025363fdf440 Exception <a 'java/lang/NoSuchMethodError'{0x000000008c0896e0}: 'java.lang.Object java.lang.invoke.DirectMethodHandle$Holder.newInvokeSpecial(java.lang.Object, java.lang.Object, java.lang.Object, java.lang.Object, java.lang.Object, java.lang.Object, java.lang.Object, java.lang.Object, java.lang.Object, java.lang.Object, java.lang.Object, java.lang.Object, java.lang.Object, java.lang.Object)'> (0x000000008c0896e0) 
thrown [s\open\src\hotspot\share\interpreter\linkResolver.cpp, line 759]
Event: 54.480 Thread 0x0000025363fdf440 Implicit null exception at 0x00000253510ffc49 to 0x0000025351101540
Event: 54.653 Thread 0x0000025363fdf440 Implicit null exception at 0x000002535118052c to 0x0000025351180a80
Event: 54.747 Thread 0x0000025363fdf440 Implicit null exception at 0x0000025351189668 to 0x00000253511897b0
Event: 54.747 Thread 0x0000025363fdf440 Implicit null exception at 0x000002535118b968 to 0x000002535118ba98
Event: 54.755 Thread 0x0000025363fdf440 Implicit null exception at 0x000002535118cb17 to 0x000002535118cc0f
Event: 54.791 Thread 0x0000025363fdf440 Implicit null exception at 0x000002535118e140 to 0x000002535118e23c
Event: 54.832 Thread 0x0000025363fdf440 Implicit null exception at 0x000002535118bf14 to 0x000002535118c020
Event: 55.119 Thread 0x0000025363fdf440 Implicit null exception at 0x0000025350e52972 to 0x0000025350e52d18
Event: 55.846 Thread 0x0000025363fdf440 Exception <a 'sun/nio/fs/WindowsException'{0x000000008c842908}> (0x000000008c842908) 
thrown [s\open\src\hotspot\share\prims\jni.cpp, line 516]
Event: 55.849 Thread 0x0000025363fdf440 Exception <a 'sun/nio/fs/WindowsException'{0x000000008c842df8}> (0x000000008c842df8) 
thrown [s\open\src\hotspot\share\prims\jni.cpp, line 516]
Event: 56.021 Thread 0x0000025363fdf440 Exception <a 'java/lang/NullPointerException'{0x000000008bd2bef0}> (0x000000008bd2bef0) 
thrown [s\open\src\hotspot\share\interpreter\linkResolver.cpp, line 1433]
Event: 56.314 Thread 0x0000025363fdf440 Exception <a 'sun/nio/fs/WindowsException'{0x000000008b0929a0}> (0x000000008b0929a0) 
thrown [s\open\src\hotspot\share\prims\jni.cpp, line 516]
Event: 56.316 Thread 0x0000025363fdf440 Exception <a 'sun/nio/fs/WindowsException'{0x000000008b093d30}> (0x000000008b093d30) 
thrown [s\open\src\hotspot\share\prims\jni.cpp, line 516]
Event: 56.316 Thread 0x0000025363fdf440 Exception <a 'sun/nio/fs/WindowsException'{0x000000008b0950f8}> (0x000000008b0950f8) 
thrown [s\open\src\hotspot\share\prims\jni.cpp, line 516]
Event: 56.316 Thread 0x0000025363fdf440 Exception <a 'sun/nio/fs/WindowsException'{0x000000008b0964c0}> (0x000000008b0964c0) 
thrown [s\open\src\hotspot\share\prims\jni.cpp, line 516]
Event: 56.347 Thread 0x000002535f1b8620 Implicit null exception at 0x0000025350d94200 to 0x0000025350d948a0

VM Operations (20 events):
Event: 55.165 Executing VM operation: HandshakeAllThreads done
Event: 55.182 Executing VM operation: HandshakeAllThreads
Event: 55.183 Executing VM operation: HandshakeAllThreads done
Event: 55.225 Executing VM operation: HandshakeAllThreads
Event: 55.226 Executing VM operation: HandshakeAllThreads done
Event: 55.231 Executing VM operation: HandshakeAllThreads
Event: 55.231 Executing VM operation: HandshakeAllThreads done
Event: 55.379 Executing VM operation: G1Concurrent
Event: 55.387 Executing VM operation: G1Concurrent done
Event: 55.496 Executing VM operation: G1Concurrent
Event: 55.497 Executing VM operation: G1Concurrent done
Event: 56.070 Executing VM operation: ICBufferFull
Event: 56.070 Executing VM operation: ICBufferFull done
Event: 56.315 Executing VM operation: HandshakeAllThreads
Event: 56.316 Executing VM operation: HandshakeAllThreads done
Event: 56.332 Executing VM operation: G1CollectForAllocation
Event: 56.346 Executing VM operation: G1CollectForAllocation done
Event: 56.374 Executing VM operation: HandshakeAllThreads
Event: 56.374 Executing VM operation: HandshakeAllThreads done
Event: 56.549 Executing VM operation: G1CollectForAllocation

Events (20 events):
Event: 50.867 Thread 0x000002535f24ab60 flushing nmethod 0x000002534a68e810
Event: 50.867 Thread 0x000002535f24ab60 flushing nmethod 0x000002534a6c9f90
Event: 50.867 Thread 0x000002535f24ab60 flushing nmethod 0x000002534a6eb510
Event: 50.868 Thread 0x000002535f24ab60 flushing nmethod 0x000002534a72a390
Event: 50.868 Thread 0x000002535f24ab60 flushing nmethod 0x000002534a72d610
Event: 50.868 Thread 0x000002535f24ab60 flushing nmethod 0x000002534a72f590
Event: 50.868 Thread 0x000002535f24ab60 flushing nmethod 0x000002534a760110
Event: 50.868 Thread 0x000002535f24ab60 flushing nmethod 0x000002534a763a90
Event: 50.868 Thread 0x000002535f24ab60 flushing nmethod 0x000002534a76f290
Event: 50.868 Thread 0x000002535f24ab60 flushing nmethod 0x000002534a785510
Event: 50.868 Thread 0x000002535f24ab60 flushing nmethod 0x000002534a78d890
Event: 50.868 Thread 0x000002535f24ab60 flushing nmethod 0x000002534a82ae10
Event: 50.868 Thread 0x000002535f24ab60 flushing nmethod 0x000002534a82b690
Event: 50.868 Thread 0x000002535f24ab60 flushing nmethod 0x000002534a82c210
Event: 50.868 Thread 0x000002535f24ab60 flushing nmethod 0x000002534a855e90
Event: 50.868 Thread 0x000002535f24ab60 flushing nmethod 0x000002534a868210
Event: 50.869 Thread 0x000002535f24ab60 flushing nmethod 0x000002534a8d9010
Event: 54.174 Thread 0x0000025363592170 Thread added: 0x0000025363592170
Event: 55.205 Thread 0x0000025363592170 Thread exited: 0x0000025363592170
Event: 56.294 Thread 0x000002536a70b410 Thread added: 0x000002536a70b410


Dynamic libraries:
0x00007ff69c220000 - 0x00007ff69c230000 	C:\Program Files\Java\jdk-18.0.2\bin\java.exe
0x00007ffc84690000 - 0x00007ffc84888000 	C:\Windows\SYSTEM32\ntdll.dll
0x00007ffc82fc0000 - 0x00007ffc8307f000 	C:\Windows\System32\KERNEL32.DLL
0x00007ffc82210000 - 0x00007ffc82506000 	C:\Windows\System32\KERNELBASE.dll
0x00007ffc81d70000 - 0x00007ffc81e70000 	C:\Windows\System32\ucrtbase.dll
0x00007ffc7d3b0000 - 0x00007ffc7d3c8000 	C:\Program Files\Java\jdk-18.0.2\bin\jli.dll
0x00007ffc82f10000 - 0x00007ffc82fbf000 	C:\Windows\System32\ADVAPI32.dll
0x00007ffc84350000 - 0x00007ffc843ee000 	C:\Windows\System32\msvcrt.dll
0x00007ffc7d390000 - 0x00007ffc7d3aa000 	C:\Program Files\Java\jdk-18.0.2\bin\VCRUNTIME140.dll
0x00007ffc84490000 - 0x00007ffc8452c000 	C:\Windows\System32\sechost.dll
0x00007ffc83380000 - 0x00007ffc834a6000 	C:\Windows\System32\RPCRT4.dll
0x00007ffc82d70000 - 0x00007ffc82f0d000 	C:\Windows\System32\USER32.dll
0x00007ffc826c0000 - 0x00007ffc826e2000 	C:\Windows\System32\win32u.dll
0x00007ffc834b0000 - 0x00007ffc834dc000 	C:\Windows\System32\GDI32.dll
0x00007ffc825a0000 - 0x00007ffc826b5000 	C:\Windows\System32\gdi32full.dll
0x00007ffc820c0000 - 0x00007ffc8215d000 	C:\Windows\System32\msvcp_win.dll
0x00007ffc6fe40000 - 0x00007ffc700da000 	C:\Windows\WinSxS\amd64_microsoft.windows.common-controls_6595b64144ccf1df_6.0.19041.1110_none_60b5254171f9507e\COMCTL32.dll
0x00007ffc7b470000 - 0x00007ffc7b47a000 	C:\Windows\SYSTEM32\VERSION.dll
0x00007ffc83f50000 - 0x00007ffc83f80000 	C:\Windows\System32\IMM32.DLL
0x00007ffc7d380000 - 0x00007ffc7d38c000 	C:\Program Files\Java\jdk-18.0.2\bin\vcruntime140_1.dll
0x00007ffc532d0000 - 0x00007ffc5335d000 	C:\Program Files\Java\jdk-18.0.2\bin\msvcp140.dll
0x00007ffc43690000 - 0x00007ffc442a1000 	C:\Program Files\Java\jdk-18.0.2\bin\server\jvm.dll
0x00007ffc83ee0000 - 0x00007ffc83ee8000 	C:\Windows\System32\PSAPI.DLL
0x00007ffc6c8c0000 - 0x00007ffc6c8e7000 	C:\Windows\SYSTEM32\WINMM.dll
0x00007ffc6c680000 - 0x00007ffc6c689000 	C:\Windows\SYSTEM32\WSOCK32.dll
0x00007ffc83e70000 - 0x00007ffc83edb000 	C:\Windows\System32\WS2_32.dll
0x00007ffc805c0000 - 0x00007ffc805d2000 	C:\Windows\SYSTEM32\kernel.appcore.dll
0x00007ffc7d370000 - 0x00007ffc7d37a000 	C:\Program Files\Java\jdk-18.0.2\bin\jimage.dll
0x00007ffc7fb20000 - 0x00007ffc7fd04000 	C:\Windows\SYSTEM32\DBGHELP.DLL
0x00007ffc68230000 - 0x00007ffc68264000 	C:\Windows\SYSTEM32\dbgcore.DLL
0x00007ffc82510000 - 0x00007ffc82592000 	C:\Windows\System32\bcryptPrimitives.dll
0x00007ffc68a90000 - 0x00007ffc68ab5000 	C:\Program Files\Java\jdk-18.0.2\bin\java.dll
0x00007ffc4d560000 - 0x00007ffc4d636000 	C:\Program Files\Java\jdk-18.0.2\bin\jsvml.dll
0x00007ffc83540000 - 0x00007ffc83c84000 	C:\Windows\System32\SHELL32.dll
0x00007ffc7fd10000 - 0x00007ffc804a3000 	C:\Windows\SYSTEM32\windows.storage.dll
0x00007ffc83fe0000 - 0x00007ffc84334000 	C:\Windows\System32\combase.dll
0x00007ffc816f0000 - 0x00007ffc8171e000 	C:\Windows\SYSTEM32\Wldp.dll
0x00007ffc832b0000 - 0x00007ffc8335d000 	C:\Windows\System32\SHCORE.dll
0x00007ffc83ef0000 - 0x00007ffc83f45000 	C:\Windows\System32\shlwapi.dll
0x00007ffc81cb0000 - 0x00007ffc81ccf000 	C:\Windows\SYSTEM32\profapi.dll
0x00007ffc70430000 - 0x00007ffc70443000 	C:\Program Files\Java\jdk-18.0.2\bin\net.dll
0x00007ffc71bb0000 - 0x00007ffc71cba000 	C:\Windows\SYSTEM32\WINHTTP.dll
0x00007ffc81450000 - 0x00007ffc814ba000 	C:\Windows\system32\mswsock.dll
0x00007ffc68a70000 - 0x00007ffc68a86000 	C:\Program Files\Java\jdk-18.0.2\bin\nio.dll
0x00007ffc656b0000 - 0x00007ffc656c8000 	C:\Program Files\Java\jdk-18.0.2\bin\zip.dll
0x00007ffc703a0000 - 0x00007ffc703b0000 	C:\Program Files\Java\jdk-18.0.2\bin\verify.dll
0x00007ffc53610000 - 0x00007ffc53637000 	C:\Users\XYZ\.gradle\native\e1d6ef7f7dcc3fd88c89a11ec53ec762bb8ba0a96d01ffa2cd45eb1d1d8dd5c5\windows-amd64\native-platform.dll
0x00007ffc49190000 - 0x00007ffc492d4000 	C:\Users\XYZ\.gradle\native\5664cfc778a61ccfe75a443a1ab52a65af34e5dc3c78e0209fed803814484fcb\windows-amd64\native-platform-file-events.dll
0x00007ffc68a60000 - 0x00007ffc68a69000 	C:\Program Files\Java\jdk-18.0.2\bin\management.dll
0x00007ffc68610000 - 0x00007ffc6861b000 	C:\Program Files\Java\jdk-18.0.2\bin\management_ext.dll
0x00007ffc81640000 - 0x00007ffc81658000 	C:\Windows\SYSTEM32\CRYPTSP.dll
0x00007ffc80d70000 - 0x00007ffc80da4000 	C:\Windows\system32\rsaenh.dll
0x00007ffc82020000 - 0x00007ffc82047000 	C:\Windows\System32\bcrypt.dll
0x00007ffc81c70000 - 0x00007ffc81c9e000 	C:\Windows\SYSTEM32\USERENV.dll
0x00007ffc81660000 - 0x00007ffc8166c000 	C:\Windows\SYSTEM32\CRYPTBASE.dll
0x00007ffc81140000 - 0x00007ffc8117c000 	C:\Windows\SYSTEM32\IPHLPAPI.DLL
0x00007ffc84340000 - 0x00007ffc84348000 	C:\Windows\System32\NSI.dll
0x00007ffc76960000 - 0x00007ffc76977000 	C:\Windows\SYSTEM32\dhcpcsvc6.DLL
0x00007ffc786c0000 - 0x00007ffc786dd000 	C:\Windows\SYSTEM32\dhcpcsvc.DLL
0x00007ffc81180000 - 0x00007ffc8124b000 	C:\Windows\SYSTEM32\DNSAPI.dll

dbghelp: loaded successfully - version: 4.0.5 - missing functions: none
symbol engine: initialized successfully - sym options: 0x614 - pdb path: .;C:\Program Files\Java\jdk-18.0.2\bin;C:\Windows\SYSTEM32;C:\Windows\WinSxS\amd64_microsoft.windows.common-controls_6595b64144ccf1df_6.0.19041.1110_none_60b5254171f9507e;C:\Program Files\Java\jdk-18.0.2\bin\server;C:\Users\XYZ\.gradle\native\e1d6ef7f7dcc3fd88c89a11ec53ec762bb8ba0a96d01ffa2cd45eb1d1d8dd5c5\windows-amd64;C:\Users\XYZ\.gradle\native\5664cfc778a61ccfe75a443a1ab52a65af34e5dc3c78e0209fed803814484fcb\windows-amd64

VM Arguments:
jvm_args: -XX:MaxMetaspaceSize=512m --add-opens=java.base/java.util=ALL-UNNAMED --add-opens=java.base/java.lang=ALL-UNNAMED --add-opens=java.base/java.lang.invoke=ALL-UNNAMED --add-opens=java.base/java.util=ALL-UNNAMED --add-opens=java.prefs/java.util.prefs=ALL-UNNAMED --add-opens=java.prefs/java.util.prefs=ALL-UNNAMED --add-opens=java.base/java.nio.charset=ALL-UNNAMED --add-opens=java.base/java.net=ALL-UNNAMED --add-opens=java.base/java.util.concurrent.atomic=ALL-UNNAMED -Xmx2048m -Dfile.encoding=UTF-8 -Duser.country=US -Duser.language=en -Duser.variant 
java_command: org.gradle.launcher.daemon.bootstrap.GradleDaemon 7.3.3
java_class_path (initial): C:\Users\XYZ\.gradle\wrapper\dists\gradle-7.3.3-all\4295vidhdd9hd3gbjyw1xqxpo\gradle-7.3.3\lib\gradle-launcher-7.3.3.jar
Launcher Type: SUN_STANDARD

[Global flags]
     intx CICompilerCount                          = 3                                         {product} {ergonomic}
   size_t CompressedClassSpaceSize                 = 432013312                                 {product} {ergonomic}
     uint ConcGCThreads                            = 1                                         {product} {ergonomic}
     uint G1ConcRefinementThreads                  = 4                                         {product} {ergonomic}
   size_t G1HeapRegionSize                         = 1048576                                   {product} {ergonomic}
    uintx GCDrainStackTargetSize                   = 64                                        {product} {ergonomic}
   size_t InitialHeapSize                          = 132120576                                 {product} {ergonomic}
   size_t MarkStackSize                            = 4194304                                   {product} {ergonomic}
   size_t MaxHeapSize                              = 2147483648                                {product} {command line}
   size_t MaxMetaspaceSize                         = 536870912                                 {product} {command line}
   size_t MaxNewSize                               = 1287651328                                {product} {ergonomic}
   size_t MinHeapDeltaBytes                        = 1048576                                   {product} {ergonomic}
   size_t MinHeapSize                              = 8388608                                   {product} {ergonomic}
    uintx NonNMethodCodeHeapSize                   = 5832780                                {pd product} {ergonomic}
    uintx NonProfiledCodeHeapSize                  = 122912730                              {pd product} {ergonomic}
    uintx ProfiledCodeHeapSize                     = 122912730                              {pd product} {ergonomic}
    uintx ReservedCodeCacheSize                    = 251658240                              {pd product} {ergonomic}
     bool SegmentedCodeCache                       = true                                      {product} {ergonomic}
   size_t SoftMaxHeapSize                          = 2147483648                             {manageable} {ergonomic}
     bool UseCompressedClassPointers               = true                           {product lp64_product} {ergonomic}
     bool UseCompressedOops                        = true                           {product lp64_product} {ergonomic}
     bool UseG1GC                                  = true                                      {product} {ergonomic}
     bool UseLargePagesIndividualAllocation        = false                                  {pd product} {ergonomic}

Logging:
Log output configuration:
 #0: stdout all=warning uptime,level,tags foldmultilines=false
 #1: stderr all=off uptime,level,tags foldmultilines=false

Environment Variables:
JAVA_HOME=C:\Program Files\Java\jdk-18.0.2
CLASSPATH=Z:\Document\ReactNativeApp\nativeApp\android\\gradle\wrapper\gradle-wrapper.jar
PATH=Z:\Document\ReactNativeApp\nativeApp\android\node_modules\.bin;Z:\Document\ReactNativeApp\nativeApp\node_modules\.bin;Z:\Document\ReactNativeApp\node_modules\.bin;Z:\Document\node_modules\.bin;Z:\node_modules\.bin;C:\Program Files\nodejs;Z:\Document\ReactNativeApp\nativeApp\node_modules\.bin;Z:\Document\ReactNativeApp\nativeApp\node_modules\.bin;Z:\Document\ReactNativeApp\node_modules\.bin;Z:\Document\node_modules\.bin;Z:\node_modules\.bin;C:\Users\XYZ\AppData\Roaming\npm\node_modules\npm\node_modules\@npmcli\run-script\lib\node-gyp-bin;C:\Program Files\Java\jdk-18.0.2\bin;C:\Program Files\Common Files\Oracle\Java\javapath;C:\Windows\system32;C:\Windows;C:\Windows\System32\Wbem;C:\Windows\System32\WindowsPowerShell\v1.0\;C:\Windows\System32\OpenSSH\;C:\Program Files\nodejs\;C:\Program Files\Git\cmd;C:\Program Files\Microsoft SQL Server\150\Tools\Binn\;C:\Program Files\Microsoft SQL Server\Client SDK\ODBC\170\Tools\Binn\;C:\Program Files\dotnet\;C:\Program Files\Azure Data Studio\bin;C:\Program Files (x86)\Microsoft SQL Server\160\Tools\Binn\;C:\Program Files\Microsoft SQL Server\160\Tools\Binn\;C:\Program Files\Microsoft SQL Server\160\DTS\Binn\;C:\Program Files (x86)\Microsoft SQL Server\160\DTS\Binn\;C:\ProgramData\chocolatey\bin;C:\Users\XYZ\AppData\Local\Android\Sdk\platform-tools;C:\Users\XYZ\AppData\Local\Android\Sdk;C:\Users\XYZ\AppData\Local\Microsoft\WindowsApps;C:\Users\XYZ\AppData\Roaming\npm;C:\Users\XYZ\AppData\Local\Programs\Microsoft VS Code\bin;C:\Users\XYZ\AppData\Local\Android\Sdk;C:\Program Files\Java\jdk-18.0.2\bin;C:\Program Files (x86)\BrowserStackLocal\;C:\Users\XYZ\.dotnet\tools;C:\Program Files\Azure Data Studio\bin;C:\Users\XYZ\AppData\Local\Android\Sdk\platform-tools;C:\Program Files\Java\jdk-18.0.2;C:\Users\XYZ\AppData\Local\Android\Sdk\emulator;C:\Users\XYZ\AppData\Local\Android\Sdk\tools;C:\Users\XYZ\AppData\Local\Android\Sdk\tools\bin;
USERNAME=XYZ
LANG=en_US.UTF-8
OS=Windows_NT
PROCESSOR_IDENTIFIER=Intel64 Family 6 Model 142 Stepping 9, GenuineIntel



---------------  S Y S T E M  ---------------

OS:
 Windows 10 , 64 bit Build 19041 (10.0.19041.2913)
OS uptime: 0 days 2:42 hours

CPU: total 4 (initial active 4) (2 cores per cpu, 2 threads per core) family 6 model 142 stepping 9 microcode 0xb4, cx8, cmov, fxsr, ht, mmx, 3dnowpref, sse, sse2, sse3, ssse3, sse4.1, sse4.2, popcnt, lzcnt, tsc, tscinvbit, avx, avx2, aes, erms, clmul, bmi1, bmi2, adx, fma, vzeroupper, clflush, clflushopt

Memory: 4k page, system-wide physical 8058M (1398M free)
TotalPageFile size 10975M (AvailPageFile size 205M)
current process WorkingSet (physical memory assigned to process): 451M, peak: 456M
current process commit charge ("private bytes"): 495M, peak: 705M

vm_info: Java HotSpot(TM) 64-Bit Server VM (18.0.2+9-61) for windows-amd64 JRE (18.0.2+9-61), built on Jun  7 2022 13:09:01 by "mach5one" with MS VC++ 16.8 / 16.9 (VS2019)

END.
